2019-04-22 10:20:21,280 [Worker-0: Loading available Gradle versions] INFO  o.e.b.c.i.u.g.PublishedGradleVersions - Gradle version information cache is up-to-date. Trying to read.
2019-04-22 10:21:42,084 [Worker-5: Importing Maven projects] INFO  o.e.m.c.i.l.LifecycleMappingFactory - Using org.eclipse.m2e.jdt.JarLifecycleMapping lifecycle mapping for MavenProject: org.springframework:gs-rest-service:0.1.0 @ D:\HobbyProjects\Maven\gs-rest-service-master\gs-rest-service-master\complete\pom.xml.
2019-04-22 10:21:43,982 [Worker-5: Importing Maven projects] INFO  o.e.m.j.i.AbstractJavaProjectConfigurator - Adding source folder /gs-rest-service/src/main/java
2019-04-22 10:21:43,982 [Worker-5: Importing Maven projects] INFO  o.e.m.j.i.AbstractJavaProjectConfigurator - Adding source folder /gs-rest-service/src/test/java
2019-04-22 10:21:45,078 [Worker-5: Importing Maven projects] INFO  o.e.m.c.i.p.ProjectConfigurationManager - Imported and configured 1 project(s) in 4 sec
2019-04-22 10:21:47,384 [Worker-5: Building workspace] INFO  o.e.m.c.i.embedder.EclipseLogger - Using 'UTF-8' encoding to copy filtered resources.
2019-04-22 10:21:47,399 [Worker-5: Building workspace] INFO  o.e.m.c.i.embedder.EclipseLogger - skip non existing resourceDirectory D:\HobbyProjects\Maven\gs-rest-service-master\gs-rest-service-master\complete\src\main\resources
2019-04-22 10:21:47,399 [Worker-5: Building workspace] INFO  o.e.m.c.i.embedder.EclipseLogger - skip non existing resourceDirectory D:\HobbyProjects\Maven\gs-rest-service-master\gs-rest-service-master\complete\src\main\resources
2019-04-22 10:21:47,399 [Worker-5: Building workspace] INFO  o.e.m.c.i.embedder.EclipseLogger - Using 'UTF-8' encoding to copy filtered resources.
2019-04-22 10:21:47,399 [Worker-5: Building workspace] INFO  o.e.m.c.i.embedder.EclipseLogger - skip non existing resourceDirectory D:\HobbyProjects\Maven\gs-rest-service-master\gs-rest-service-master\complete\src\test\resources
2019-04-22 10:21:48,983 [Worker-10: Building workspace] INFO  o.e.m.c.i.embedder.EclipseLogger - Using 'UTF-8' encoding to copy filtered resources.
2019-04-22 10:21:48,983 [Worker-10: Building workspace] INFO  o.e.m.c.i.embedder.EclipseLogger - skip non existing resourceDirectory D:\HobbyProjects\Maven\gs-rest-service-master\gs-rest-service-master\complete\src\main\resources
2019-04-22 10:21:48,983 [Worker-10: Building workspace] INFO  o.e.m.c.i.embedder.EclipseLogger - skip non existing resourceDirectory D:\HobbyProjects\Maven\gs-rest-service-master\gs-rest-service-master\complete\src\main\resources
2019-04-22 10:21:48,983 [Worker-10: Building workspace] INFO  o.e.m.c.i.embedder.EclipseLogger - Using 'UTF-8' encoding to copy filtered resources.
2019-04-22 10:21:48,983 [Worker-10: Building workspace] INFO  o.e.m.c.i.embedder.EclipseLogger - skip non existing resourceDirectory D:\HobbyProjects\Maven\gs-rest-service-master\gs-rest-service-master\complete\src\test\resources
2019-04-22 11:01:27,451 [Worker-17: Building workspace] INFO  o.e.m.c.i.embedder.EclipseLogger - Using 'UTF-8' encoding to copy filtered resources.
2019-04-22 11:01:27,453 [Worker-17: Building workspace] INFO  o.e.m.c.i.embedder.EclipseLogger - skip non existing resourceDirectory D:\HobbyProjects\Maven\gs-rest-service-master\gs-rest-service-master\complete\src\main\resources
2019-04-22 11:01:27,454 [Worker-17: Building workspace] INFO  o.e.m.c.i.embedder.EclipseLogger - skip non existing resourceDirectory D:\HobbyProjects\Maven\gs-rest-service-master\gs-rest-service-master\complete\src\main\resources
2019-04-22 11:01:27,456 [Worker-17: Building workspace] INFO  o.e.m.c.i.embedder.EclipseLogger - Using 'UTF-8' encoding to copy filtered resources.
2019-04-22 11:01:27,457 [Worker-17: Building workspace] INFO  o.e.m.c.i.embedder.EclipseLogger - skip non existing resourceDirectory D:\HobbyProjects\Maven\gs-rest-service-master\gs-rest-service-master\complete\src\test\resources
2019-04-22 11:02:24,202 [Worker-19: Building workspace] INFO  o.e.m.c.i.embedder.EclipseLogger - Using 'UTF-8' encoding to copy filtered resources.
2019-04-22 11:02:24,202 [Worker-19: Building workspace] INFO  o.e.m.c.i.embedder.EclipseLogger - skip non existing resourceDirectory D:\HobbyProjects\Maven\gs-rest-service-master\gs-rest-service-master\complete\src\main\resources
2019-04-22 11:02:24,202 [Worker-19: Building workspace] INFO  o.e.m.c.i.embedder.EclipseLogger - skip non existing resourceDirectory D:\HobbyProjects\Maven\gs-rest-service-master\gs-rest-service-master\complete\src\main\resources
2019-04-22 11:02:24,204 [Worker-19: Building workspace] INFO  o.e.m.c.i.embedder.EclipseLogger - Using 'UTF-8' encoding to copy filtered resources.
2019-04-22 11:02:24,204 [Worker-19: Building workspace] INFO  o.e.m.c.i.embedder.EclipseLogger - skip non existing resourceDirectory D:\HobbyProjects\Maven\gs-rest-service-master\gs-rest-service-master\complete\src\test\resources
2019-04-22 11:21:32,692 [Worker-22: Building workspace] INFO  o.e.m.c.i.embedder.EclipseLogger - Using 'UTF-8' encoding to copy filtered resources.
2019-04-22 11:21:32,692 [Worker-22: Building workspace] INFO  o.e.m.c.i.embedder.EclipseLogger - skip non existing resourceDirectory D:\HobbyProjects\Maven\gs-rest-service-master\gs-rest-service-master\complete\src\main\resources
2019-04-22 11:21:32,692 [Worker-22: Building workspace] INFO  o.e.m.c.i.embedder.EclipseLogger - skip non existing resourceDirectory D:\HobbyProjects\Maven\gs-rest-service-master\gs-rest-service-master\complete\src\main\resources
2019-04-22 11:21:32,692 [Worker-22: Building workspace] INFO  o.e.m.c.i.embedder.EclipseLogger - Using 'UTF-8' encoding to copy filtered resources.
2019-04-22 11:21:32,692 [Worker-22: Building workspace] INFO  o.e.m.c.i.embedder.EclipseLogger - skip non existing resourceDirectory D:\HobbyProjects\Maven\gs-rest-service-master\gs-rest-service-master\complete\src\test\resources
2019-04-22 11:21:53,248 [Worker-24: Building workspace] INFO  o.e.m.c.i.embedder.EclipseLogger - Using 'UTF-8' encoding to copy filtered resources.
2019-04-22 11:21:53,248 [Worker-24: Building workspace] INFO  o.e.m.c.i.embedder.EclipseLogger - skip non existing resourceDirectory D:\HobbyProjects\Maven\gs-rest-service-master\gs-rest-service-master\complete\src\main\resources
2019-04-22 11:21:53,248 [Worker-24: Building workspace] INFO  o.e.m.c.i.embedder.EclipseLogger - skip non existing resourceDirectory D:\HobbyProjects\Maven\gs-rest-service-master\gs-rest-service-master\complete\src\main\resources
2019-04-22 11:21:53,248 [Worker-24: Building workspace] INFO  o.e.m.c.i.embedder.EclipseLogger - Using 'UTF-8' encoding to copy filtered resources.
2019-04-22 11:21:53,248 [Worker-24: Building workspace] INFO  o.e.m.c.i.embedder.EclipseLogger - skip non existing resourceDirectory D:\HobbyProjects\Maven\gs-rest-service-master\gs-rest-service-master\complete\src\test\resources
2019-04-22 11:21:54,482 [Worker-25: Building workspace] INFO  o.e.m.c.i.embedder.EclipseLogger - Using 'UTF-8' encoding to copy filtered resources.
2019-04-22 11:21:54,482 [Worker-25: Building workspace] INFO  o.e.m.c.i.embedder.EclipseLogger - skip non existing resourceDirectory D:\HobbyProjects\Maven\gs-rest-service-master\gs-rest-service-master\complete\src\main\resources
2019-04-22 11:21:54,482 [Worker-25: Building workspace] INFO  o.e.m.c.i.embedder.EclipseLogger - skip non existing resourceDirectory D:\HobbyProjects\Maven\gs-rest-service-master\gs-rest-service-master\complete\src\main\resources
2019-04-22 11:21:54,482 [Worker-25: Building workspace] INFO  o.e.m.c.i.embedder.EclipseLogger - Using 'UTF-8' encoding to copy filtered resources.
2019-04-22 11:21:54,482 [Worker-25: Building workspace] INFO  o.e.m.c.i.embedder.EclipseLogger - skip non existing resourceDirectory D:\HobbyProjects\Maven\gs-rest-service-master\gs-rest-service-master\complete\src\test\resources
2019-04-22 11:27:19,970 [Worker-17: Building workspace] INFO  o.e.m.c.i.embedder.EclipseLogger - Using 'UTF-8' encoding to copy filtered resources.
2019-04-22 11:27:19,970 [Worker-17: Building workspace] INFO  o.e.m.c.i.embedder.EclipseLogger - skip non existing resourceDirectory D:\HobbyProjects\Maven\gs-rest-service-master\gs-rest-service-master\complete\src\main\resources
2019-04-22 11:27:19,970 [Worker-17: Building workspace] INFO  o.e.m.c.i.embedder.EclipseLogger - skip non existing resourceDirectory D:\HobbyProjects\Maven\gs-rest-service-master\gs-rest-service-master\complete\src\main\resources
2019-04-22 11:27:19,970 [Worker-17: Building workspace] INFO  o.e.m.c.i.embedder.EclipseLogger - Using 'UTF-8' encoding to copy filtered resources.
2019-04-22 11:27:19,970 [Worker-17: Building workspace] INFO  o.e.m.c.i.embedder.EclipseLogger - skip non existing resourceDirectory D:\HobbyProjects\Maven\gs-rest-service-master\gs-rest-service-master\complete\src\test\resources
2019-04-22 11:32:25,570 [Worker-29: Building workspace] INFO  o.e.m.c.i.embedder.EclipseLogger - Using 'UTF-8' encoding to copy filtered resources.
2019-04-22 11:32:25,570 [Worker-29: Building workspace] INFO  o.e.m.c.i.embedder.EclipseLogger - skip non existing resourceDirectory D:\HobbyProjects\Maven\gs-rest-service-master\gs-rest-service-master\complete\src\main\resources
2019-04-22 11:32:25,570 [Worker-29: Building workspace] INFO  o.e.m.c.i.embedder.EclipseLogger - skip non existing resourceDirectory D:\HobbyProjects\Maven\gs-rest-service-master\gs-rest-service-master\complete\src\main\resources
2019-04-22 11:32:25,570 [Worker-29: Building workspace] INFO  o.e.m.c.i.embedder.EclipseLogger - Using 'UTF-8' encoding to copy filtered resources.
2019-04-22 11:32:25,570 [Worker-29: Building workspace] INFO  o.e.m.c.i.embedder.EclipseLogger - skip non existing resourceDirectory D:\HobbyProjects\Maven\gs-rest-service-master\gs-rest-service-master\complete\src\test\resources
2019-04-22 11:36:06,532 [Worker-29: Building workspace] INFO  o.e.m.c.i.embedder.EclipseLogger - Using 'UTF-8' encoding to copy filtered resources.
2019-04-22 11:36:06,532 [Worker-29: Building workspace] INFO  o.e.m.c.i.embedder.EclipseLogger - skip non existing resourceDirectory D:\HobbyProjects\Maven\gs-rest-service-master\gs-rest-service-master\complete\src\main\resources
2019-04-22 11:36:06,532 [Worker-29: Building workspace] INFO  o.e.m.c.i.embedder.EclipseLogger - skip non existing resourceDirectory D:\HobbyProjects\Maven\gs-rest-service-master\gs-rest-service-master\complete\src\main\resources
2019-04-22 11:36:06,532 [Worker-29: Building workspace] INFO  o.e.m.c.i.embedder.EclipseLogger - Using 'UTF-8' encoding to copy filtered resources.
2019-04-22 11:36:06,532 [Worker-29: Building workspace] INFO  o.e.m.c.i.embedder.EclipseLogger - skip non existing resourceDirectory D:\HobbyProjects\Maven\gs-rest-service-master\gs-rest-service-master\complete\src\test\resources
2019-04-23 06:57:04,518 [Worker-2: Loading available Gradle versions] INFO  o.e.b.c.i.u.g.PublishedGradleVersions - Gradle version information cache is up-to-date. Trying to read.
2019-04-23 06:57:35,779 [Worker-0: Building workspace] INFO  o.e.m.c.i.embedder.EclipseLogger - Using 'UTF-8' encoding to copy filtered resources.
2019-04-23 06:57:35,781 [Worker-0: Building workspace] INFO  o.e.m.c.i.embedder.EclipseLogger - skip non existing resourceDirectory D:\HobbyProjects\Maven\gs-rest-service-master\gs-rest-service-master\complete\src\main\resources
2019-04-23 06:57:35,781 [Worker-0: Building workspace] INFO  o.e.m.c.i.embedder.EclipseLogger - skip non existing resourceDirectory D:\HobbyProjects\Maven\gs-rest-service-master\gs-rest-service-master\complete\src\main\resources
2019-04-23 06:57:35,786 [Worker-0: Building workspace] INFO  o.e.m.c.i.embedder.EclipseLogger - Using 'UTF-8' encoding to copy filtered resources.
2019-04-23 06:57:35,786 [Worker-0: Building workspace] INFO  o.e.m.c.i.embedder.EclipseLogger - skip non existing resourceDirectory D:\HobbyProjects\Maven\gs-rest-service-master\gs-rest-service-master\complete\src\test\resources
2019-04-23 06:57:40,211 [Worker-8: Building workspace] INFO  o.e.m.c.i.embedder.EclipseLogger - Using 'UTF-8' encoding to copy filtered resources.
2019-04-23 06:57:40,212 [Worker-8: Building workspace] INFO  o.e.m.c.i.embedder.EclipseLogger - skip non existing resourceDirectory D:\HobbyProjects\Maven\gs-rest-service-master\gs-rest-service-master\complete\src\main\resources
2019-04-23 06:57:40,212 [Worker-8: Building workspace] INFO  o.e.m.c.i.embedder.EclipseLogger - skip non existing resourceDirectory D:\HobbyProjects\Maven\gs-rest-service-master\gs-rest-service-master\complete\src\main\resources
2019-04-23 06:57:40,220 [Worker-8: Building workspace] INFO  o.e.m.c.i.embedder.EclipseLogger - Using 'UTF-8' encoding to copy filtered resources.
2019-04-23 06:57:40,221 [Worker-8: Building workspace] INFO  o.e.m.c.i.embedder.EclipseLogger - skip non existing resourceDirectory D:\HobbyProjects\Maven\gs-rest-service-master\gs-rest-service-master\complete\src\test\resources
2019-04-23 07:41:00,335 [Worker-18: Building workspace] INFO  o.e.m.c.i.embedder.EclipseLogger - Using 'UTF-8' encoding to copy filtered resources.
2019-04-23 07:41:00,338 [Worker-18: Building workspace] INFO  o.e.m.c.i.embedder.EclipseLogger - skip non existing resourceDirectory D:\HobbyProjects\Maven\gs-rest-service-master\gs-rest-service-master\complete\src\main\resources
2019-04-23 07:41:00,339 [Worker-18: Building workspace] INFO  o.e.m.c.i.embedder.EclipseLogger - skip non existing resourceDirectory D:\HobbyProjects\Maven\gs-rest-service-master\gs-rest-service-master\complete\src\main\resources
2019-04-23 07:41:00,340 [Worker-18: Building workspace] INFO  o.e.m.c.i.embedder.EclipseLogger - Using 'UTF-8' encoding to copy filtered resources.
2019-04-23 07:41:00,340 [Worker-18: Building workspace] INFO  o.e.m.c.i.embedder.EclipseLogger - skip non existing resourceDirectory D:\HobbyProjects\Maven\gs-rest-service-master\gs-rest-service-master\complete\src\test\resources
2019-04-23 07:45:11,752 [Worker-19: Building workspace] INFO  o.e.m.c.i.embedder.EclipseLogger - Using 'UTF-8' encoding to copy filtered resources.
2019-04-23 07:45:11,753 [Worker-19: Building workspace] INFO  o.e.m.c.i.embedder.EclipseLogger - skip non existing resourceDirectory D:\HobbyProjects\Maven\gs-rest-service-master\gs-rest-service-master\complete\src\main\resources
2019-04-23 07:45:11,753 [Worker-19: Building workspace] INFO  o.e.m.c.i.embedder.EclipseLogger - skip non existing resourceDirectory D:\HobbyProjects\Maven\gs-rest-service-master\gs-rest-service-master\complete\src\main\resources
2019-04-23 07:45:11,759 [Worker-19: Building workspace] INFO  o.e.m.c.i.embedder.EclipseLogger - Using 'UTF-8' encoding to copy filtered resources.
2019-04-23 07:45:11,759 [Worker-19: Building workspace] INFO  o.e.m.c.i.embedder.EclipseLogger - skip non existing resourceDirectory D:\HobbyProjects\Maven\gs-rest-service-master\gs-rest-service-master\complete\src\test\resources
2019-04-23 07:46:24,557 [Worker-19: Building workspace] INFO  o.e.m.c.i.embedder.EclipseLogger - Using 'UTF-8' encoding to copy filtered resources.
2019-04-23 07:46:24,558 [Worker-19: Building workspace] INFO  o.e.m.c.i.embedder.EclipseLogger - skip non existing resourceDirectory D:\HobbyProjects\Maven\gs-rest-service-master\gs-rest-service-master\complete\src\main\resources
2019-04-23 07:46:24,558 [Worker-19: Building workspace] INFO  o.e.m.c.i.embedder.EclipseLogger - skip non existing resourceDirectory D:\HobbyProjects\Maven\gs-rest-service-master\gs-rest-service-master\complete\src\main\resources
2019-04-23 07:46:24,559 [Worker-19: Building workspace] INFO  o.e.m.c.i.embedder.EclipseLogger - Using 'UTF-8' encoding to copy filtered resources.
2019-04-23 07:46:24,560 [Worker-19: Building workspace] INFO  o.e.m.c.i.embedder.EclipseLogger - skip non existing resourceDirectory D:\HobbyProjects\Maven\gs-rest-service-master\gs-rest-service-master\complete\src\test\resources
2019-04-23 07:46:42,901 [Worker-19: Building workspace] INFO  o.e.m.c.i.embedder.EclipseLogger - Using 'UTF-8' encoding to copy filtered resources.
2019-04-23 07:46:42,901 [Worker-19: Building workspace] INFO  o.e.m.c.i.embedder.EclipseLogger - skip non existing resourceDirectory D:\HobbyProjects\Maven\gs-rest-service-master\gs-rest-service-master\complete\src\main\resources
2019-04-23 07:46:42,901 [Worker-19: Building workspace] INFO  o.e.m.c.i.embedder.EclipseLogger - skip non existing resourceDirectory D:\HobbyProjects\Maven\gs-rest-service-master\gs-rest-service-master\complete\src\main\resources
2019-04-23 07:46:42,908 [Worker-19: Building workspace] INFO  o.e.m.c.i.embedder.EclipseLogger - Using 'UTF-8' encoding to copy filtered resources.
2019-04-23 07:46:42,909 [Worker-19: Building workspace] INFO  o.e.m.c.i.embedder.EclipseLogger - skip non existing resourceDirectory D:\HobbyProjects\Maven\gs-rest-service-master\gs-rest-service-master\complete\src\test\resources
2019-04-23 07:47:42,254 [Worker-20: Building workspace] INFO  o.e.m.c.i.embedder.EclipseLogger - Using 'UTF-8' encoding to copy filtered resources.
2019-04-23 07:47:42,254 [Worker-20: Building workspace] INFO  o.e.m.c.i.embedder.EclipseLogger - skip non existing resourceDirectory D:\HobbyProjects\Maven\gs-rest-service-master\gs-rest-service-master\complete\src\main\resources
2019-04-23 07:47:42,254 [Worker-20: Building workspace] INFO  o.e.m.c.i.embedder.EclipseLogger - skip non existing resourceDirectory D:\HobbyProjects\Maven\gs-rest-service-master\gs-rest-service-master\complete\src\main\resources
2019-04-23 07:47:42,255 [Worker-20: Building workspace] INFO  o.e.m.c.i.embedder.EclipseLogger - Using 'UTF-8' encoding to copy filtered resources.
2019-04-23 07:47:42,255 [Worker-20: Building workspace] INFO  o.e.m.c.i.embedder.EclipseLogger - skip non existing resourceDirectory D:\HobbyProjects\Maven\gs-rest-service-master\gs-rest-service-master\complete\src\test\resources
2019-04-23 07:48:03,014 [Worker-20: Building workspace] INFO  o.e.m.c.i.embedder.EclipseLogger - Using 'UTF-8' encoding to copy filtered resources.
2019-04-23 07:48:03,014 [Worker-20: Building workspace] INFO  o.e.m.c.i.embedder.EclipseLogger - skip non existing resourceDirectory D:\HobbyProjects\Maven\gs-rest-service-master\gs-rest-service-master\complete\src\main\resources
2019-04-23 07:48:03,014 [Worker-20: Building workspace] INFO  o.e.m.c.i.embedder.EclipseLogger - skip non existing resourceDirectory D:\HobbyProjects\Maven\gs-rest-service-master\gs-rest-service-master\complete\src\main\resources
2019-04-23 07:48:03,023 [Worker-20: Building workspace] INFO  o.e.m.c.i.embedder.EclipseLogger - Using 'UTF-8' encoding to copy filtered resources.
2019-04-23 07:48:03,024 [Worker-20: Building workspace] INFO  o.e.m.c.i.embedder.EclipseLogger - skip non existing resourceDirectory D:\HobbyProjects\Maven\gs-rest-service-master\gs-rest-service-master\complete\src\test\resources
2019-04-23 08:01:59,134 [Worker-25: Building workspace] INFO  o.e.m.c.i.embedder.EclipseLogger - Using 'UTF-8' encoding to copy filtered resources.
2019-04-23 08:01:59,136 [Worker-25: Building workspace] INFO  o.e.m.c.i.embedder.EclipseLogger - skip non existing resourceDirectory D:\HobbyProjects\Maven\gs-rest-service-master\gs-rest-service-master\complete\src\main\resources
2019-04-23 08:01:59,136 [Worker-25: Building workspace] INFO  o.e.m.c.i.embedder.EclipseLogger - skip non existing resourceDirectory D:\HobbyProjects\Maven\gs-rest-service-master\gs-rest-service-master\complete\src\main\resources
2019-04-23 08:01:59,138 [Worker-25: Building workspace] INFO  o.e.m.c.i.embedder.EclipseLogger - Using 'UTF-8' encoding to copy filtered resources.
2019-04-23 08:01:59,139 [Worker-25: Building workspace] INFO  o.e.m.c.i.embedder.EclipseLogger - skip non existing resourceDirectory D:\HobbyProjects\Maven\gs-rest-service-master\gs-rest-service-master\complete\src\test\resources
2019-04-23 08:03:07,092 [Worker-24: Building workspace] INFO  o.e.m.c.i.embedder.EclipseLogger - Using 'UTF-8' encoding to copy filtered resources.
2019-04-23 08:03:07,092 [Worker-24: Building workspace] INFO  o.e.m.c.i.embedder.EclipseLogger - skip non existing resourceDirectory D:\HobbyProjects\Maven\gs-rest-service-master\gs-rest-service-master\complete\src\main\resources
2019-04-23 08:03:07,092 [Worker-24: Building workspace] INFO  o.e.m.c.i.embedder.EclipseLogger - skip non existing resourceDirectory D:\HobbyProjects\Maven\gs-rest-service-master\gs-rest-service-master\complete\src\main\resources
2019-04-23 08:03:07,094 [Worker-24: Building workspace] INFO  o.e.m.c.i.embedder.EclipseLogger - Using 'UTF-8' encoding to copy filtered resources.
2019-04-23 08:03:07,094 [Worker-24: Building workspace] INFO  o.e.m.c.i.embedder.EclipseLogger - skip non existing resourceDirectory D:\HobbyProjects\Maven\gs-rest-service-master\gs-rest-service-master\complete\src\test\resources
2019-04-23 08:06:21,231 [Worker-21: Building workspace] INFO  o.e.m.c.i.embedder.EclipseLogger - Using 'UTF-8' encoding to copy filtered resources.
2019-04-23 08:06:21,232 [Worker-21: Building workspace] INFO  o.e.m.c.i.embedder.EclipseLogger - skip non existing resourceDirectory D:\HobbyProjects\Maven\gs-rest-service-master\gs-rest-service-master\complete\src\main\resources
2019-04-23 08:06:21,232 [Worker-21: Building workspace] INFO  o.e.m.c.i.embedder.EclipseLogger - skip non existing resourceDirectory D:\HobbyProjects\Maven\gs-rest-service-master\gs-rest-service-master\complete\src\main\resources
2019-04-23 08:06:21,234 [Worker-21: Building workspace] INFO  o.e.m.c.i.embedder.EclipseLogger - Using 'UTF-8' encoding to copy filtered resources.
2019-04-23 08:06:21,235 [Worker-21: Building workspace] INFO  o.e.m.c.i.embedder.EclipseLogger - skip non existing resourceDirectory D:\HobbyProjects\Maven\gs-rest-service-master\gs-rest-service-master\complete\src\test\resources
2019-04-23 08:06:45,693 [Worker-22: Building workspace] INFO  o.e.m.c.i.embedder.EclipseLogger - Using 'UTF-8' encoding to copy filtered resources.
2019-04-23 08:06:45,693 [Worker-22: Building workspace] INFO  o.e.m.c.i.embedder.EclipseLogger - skip non existing resourceDirectory D:\HobbyProjects\Maven\gs-rest-service-master\gs-rest-service-master\complete\src\main\resources
2019-04-23 08:06:45,693 [Worker-22: Building workspace] INFO  o.e.m.c.i.embedder.EclipseLogger - skip non existing resourceDirectory D:\HobbyProjects\Maven\gs-rest-service-master\gs-rest-service-master\complete\src\main\resources
2019-04-23 08:06:45,696 [Worker-22: Building workspace] INFO  o.e.m.c.i.embedder.EclipseLogger - Using 'UTF-8' encoding to copy filtered resources.
2019-04-23 08:06:45,697 [Worker-22: Building workspace] INFO  o.e.m.c.i.embedder.EclipseLogger - skip non existing resourceDirectory D:\HobbyProjects\Maven\gs-rest-service-master\gs-rest-service-master\complete\src\test\resources
2019-04-23 08:06:54,080 [Worker-22: Building workspace] INFO  o.e.m.c.i.embedder.EclipseLogger - Using 'UTF-8' encoding to copy filtered resources.
2019-04-23 08:06:54,080 [Worker-22: Building workspace] INFO  o.e.m.c.i.embedder.EclipseLogger - skip non existing resourceDirectory D:\HobbyProjects\Maven\gs-rest-service-master\gs-rest-service-master\complete\src\main\resources
2019-04-23 08:06:54,080 [Worker-22: Building workspace] INFO  o.e.m.c.i.embedder.EclipseLogger - skip non existing resourceDirectory D:\HobbyProjects\Maven\gs-rest-service-master\gs-rest-service-master\complete\src\main\resources
2019-04-23 08:06:54,082 [Worker-22: Building workspace] INFO  o.e.m.c.i.embedder.EclipseLogger - Using 'UTF-8' encoding to copy filtered resources.
2019-04-23 08:06:54,082 [Worker-22: Building workspace] INFO  o.e.m.c.i.embedder.EclipseLogger - skip non existing resourceDirectory D:\HobbyProjects\Maven\gs-rest-service-master\gs-rest-service-master\complete\src\test\resources
2019-04-23 08:22:11,439 [Worker-26: Building workspace] INFO  o.e.m.c.i.embedder.EclipseLogger - Using 'UTF-8' encoding to copy filtered resources.
2019-04-23 08:22:11,439 [Worker-26: Building workspace] INFO  o.e.m.c.i.embedder.EclipseLogger - skip non existing resourceDirectory D:\HobbyProjects\Maven\gs-rest-service-master\gs-rest-service-master\complete\src\main\resources
2019-04-23 08:22:11,439 [Worker-26: Building workspace] INFO  o.e.m.c.i.embedder.EclipseLogger - skip non existing resourceDirectory D:\HobbyProjects\Maven\gs-rest-service-master\gs-rest-service-master\complete\src\main\resources
2019-04-23 08:22:11,441 [Worker-26: Building workspace] INFO  o.e.m.c.i.embedder.EclipseLogger - Using 'UTF-8' encoding to copy filtered resources.
2019-04-23 08:22:11,442 [Worker-26: Building workspace] INFO  o.e.m.c.i.embedder.EclipseLogger - skip non existing resourceDirectory D:\HobbyProjects\Maven\gs-rest-service-master\gs-rest-service-master\complete\src\test\resources
2019-04-23 08:23:05,174 [Worker-28: Building workspace] INFO  o.e.m.c.i.embedder.EclipseLogger - Using 'UTF-8' encoding to copy filtered resources.
2019-04-23 08:23:05,174 [Worker-28: Building workspace] INFO  o.e.m.c.i.embedder.EclipseLogger - skip non existing resourceDirectory D:\HobbyProjects\Maven\gs-rest-service-master\gs-rest-service-master\complete\src\main\resources
2019-04-23 08:23:05,174 [Worker-28: Building workspace] INFO  o.e.m.c.i.embedder.EclipseLogger - skip non existing resourceDirectory D:\HobbyProjects\Maven\gs-rest-service-master\gs-rest-service-master\complete\src\main\resources
2019-04-23 08:23:05,176 [Worker-28: Building workspace] INFO  o.e.m.c.i.embedder.EclipseLogger - Using 'UTF-8' encoding to copy filtered resources.
2019-04-23 08:23:05,176 [Worker-28: Building workspace] INFO  o.e.m.c.i.embedder.EclipseLogger - skip non existing resourceDirectory D:\HobbyProjects\Maven\gs-rest-service-master\gs-rest-service-master\complete\src\test\resources
2019-04-23 08:23:46,669 [Worker-22: Building workspace] INFO  o.e.m.c.i.embedder.EclipseLogger - Using 'UTF-8' encoding to copy filtered resources.
2019-04-23 08:23:46,669 [Worker-22: Building workspace] INFO  o.e.m.c.i.embedder.EclipseLogger - skip non existing resourceDirectory D:\HobbyProjects\Maven\gs-rest-service-master\gs-rest-service-master\complete\src\main\resources
2019-04-23 08:23:46,669 [Worker-22: Building workspace] INFO  o.e.m.c.i.embedder.EclipseLogger - skip non existing resourceDirectory D:\HobbyProjects\Maven\gs-rest-service-master\gs-rest-service-master\complete\src\main\resources
2019-04-23 08:23:46,690 [Worker-22: Building workspace] INFO  o.e.m.c.i.embedder.EclipseLogger - Using 'UTF-8' encoding to copy filtered resources.
2019-04-23 08:23:46,690 [Worker-22: Building workspace] INFO  o.e.m.c.i.embedder.EclipseLogger - skip non existing resourceDirectory D:\HobbyProjects\Maven\gs-rest-service-master\gs-rest-service-master\complete\src\test\resources
2019-04-23 08:24:53,022 [Worker-27: Building workspace] INFO  o.e.m.c.i.embedder.EclipseLogger - Using 'UTF-8' encoding to copy filtered resources.
2019-04-23 08:24:53,022 [Worker-27: Building workspace] INFO  o.e.m.c.i.embedder.EclipseLogger - skip non existing resourceDirectory D:\HobbyProjects\Maven\gs-rest-service-master\gs-rest-service-master\complete\src\main\resources
2019-04-23 08:24:53,022 [Worker-27: Building workspace] INFO  o.e.m.c.i.embedder.EclipseLogger - skip non existing resourceDirectory D:\HobbyProjects\Maven\gs-rest-service-master\gs-rest-service-master\complete\src\main\resources
2019-04-23 08:24:53,024 [Worker-27: Building workspace] INFO  o.e.m.c.i.embedder.EclipseLogger - Using 'UTF-8' encoding to copy filtered resources.
2019-04-23 08:24:53,024 [Worker-27: Building workspace] INFO  o.e.m.c.i.embedder.EclipseLogger - skip non existing resourceDirectory D:\HobbyProjects\Maven\gs-rest-service-master\gs-rest-service-master\complete\src\test\resources
2019-04-23 08:26:23,357 [Worker-27: Building workspace] INFO  o.e.m.c.i.embedder.EclipseLogger - Using 'UTF-8' encoding to copy filtered resources.
2019-04-23 08:26:23,357 [Worker-27: Building workspace] INFO  o.e.m.c.i.embedder.EclipseLogger - skip non existing resourceDirectory D:\HobbyProjects\Maven\gs-rest-service-master\gs-rest-service-master\complete\src\main\resources
2019-04-23 08:26:23,357 [Worker-27: Building workspace] INFO  o.e.m.c.i.embedder.EclipseLogger - skip non existing resourceDirectory D:\HobbyProjects\Maven\gs-rest-service-master\gs-rest-service-master\complete\src\main\resources
2019-04-23 08:26:23,359 [Worker-27: Building workspace] INFO  o.e.m.c.i.embedder.EclipseLogger - Using 'UTF-8' encoding to copy filtered resources.
2019-04-23 08:26:23,359 [Worker-27: Building workspace] INFO  o.e.m.c.i.embedder.EclipseLogger - skip non existing resourceDirectory D:\HobbyProjects\Maven\gs-rest-service-master\gs-rest-service-master\complete\src\test\resources
2019-04-23 08:28:46,708 [Worker-26: Building workspace] INFO  o.e.m.c.i.embedder.EclipseLogger - Using 'UTF-8' encoding to copy filtered resources.
2019-04-23 08:28:46,708 [Worker-26: Building workspace] INFO  o.e.m.c.i.embedder.EclipseLogger - skip non existing resourceDirectory D:\HobbyProjects\Maven\gs-rest-service-master\gs-rest-service-master\complete\src\main\resources
2019-04-23 08:28:46,708 [Worker-26: Building workspace] INFO  o.e.m.c.i.embedder.EclipseLogger - skip non existing resourceDirectory D:\HobbyProjects\Maven\gs-rest-service-master\gs-rest-service-master\complete\src\main\resources
2019-04-23 08:28:46,711 [Worker-26: Building workspace] INFO  o.e.m.c.i.embedder.EclipseLogger - Using 'UTF-8' encoding to copy filtered resources.
2019-04-23 08:28:46,711 [Worker-26: Building workspace] INFO  o.e.m.c.i.embedder.EclipseLogger - skip non existing resourceDirectory D:\HobbyProjects\Maven\gs-rest-service-master\gs-rest-service-master\complete\src\test\resources
2019-04-23 08:30:19,003 [Worker-26: Building workspace] INFO  o.e.m.c.i.embedder.EclipseLogger - Using 'UTF-8' encoding to copy filtered resources.
2019-04-23 08:30:19,003 [Worker-26: Building workspace] INFO  o.e.m.c.i.embedder.EclipseLogger - skip non existing resourceDirectory D:\HobbyProjects\Maven\gs-rest-service-master\gs-rest-service-master\complete\src\main\resources
2019-04-23 08:30:19,003 [Worker-26: Building workspace] INFO  o.e.m.c.i.embedder.EclipseLogger - skip non existing resourceDirectory D:\HobbyProjects\Maven\gs-rest-service-master\gs-rest-service-master\complete\src\main\resources
2019-04-23 08:30:19,005 [Worker-26: Building workspace] INFO  o.e.m.c.i.embedder.EclipseLogger - Using 'UTF-8' encoding to copy filtered resources.
2019-04-23 08:30:19,005 [Worker-26: Building workspace] INFO  o.e.m.c.i.embedder.EclipseLogger - skip non existing resourceDirectory D:\HobbyProjects\Maven\gs-rest-service-master\gs-rest-service-master\complete\src\test\resources
2019-04-23 08:31:36,225 [Worker-28: Building workspace] INFO  o.e.m.c.i.embedder.EclipseLogger - Using 'UTF-8' encoding to copy filtered resources.
2019-04-23 08:31:36,225 [Worker-28: Building workspace] INFO  o.e.m.c.i.embedder.EclipseLogger - skip non existing resourceDirectory D:\HobbyProjects\Maven\gs-rest-service-master\gs-rest-service-master\complete\src\main\resources
2019-04-23 08:31:36,225 [Worker-28: Building workspace] INFO  o.e.m.c.i.embedder.EclipseLogger - skip non existing resourceDirectory D:\HobbyProjects\Maven\gs-rest-service-master\gs-rest-service-master\complete\src\main\resources
2019-04-23 08:31:36,226 [Worker-28: Building workspace] INFO  o.e.m.c.i.embedder.EclipseLogger - Using 'UTF-8' encoding to copy filtered resources.
2019-04-23 08:31:36,226 [Worker-28: Building workspace] INFO  o.e.m.c.i.embedder.EclipseLogger - skip non existing resourceDirectory D:\HobbyProjects\Maven\gs-rest-service-master\gs-rest-service-master\complete\src\test\resources
2019-04-23 08:40:31,858 [Worker-33: Building workspace] INFO  o.e.m.c.i.embedder.EclipseLogger - Using 'UTF-8' encoding to copy filtered resources.
2019-04-23 08:40:31,858 [Worker-33: Building workspace] INFO  o.e.m.c.i.embedder.EclipseLogger - skip non existing resourceDirectory D:\HobbyProjects\Maven\gs-rest-service-master\gs-rest-service-master\complete\src\main\resources
2019-04-23 08:40:31,858 [Worker-33: Building workspace] INFO  o.e.m.c.i.embedder.EclipseLogger - skip non existing resourceDirectory D:\HobbyProjects\Maven\gs-rest-service-master\gs-rest-service-master\complete\src\main\resources
2019-04-23 08:40:31,860 [Worker-33: Building workspace] INFO  o.e.m.c.i.embedder.EclipseLogger - Using 'UTF-8' encoding to copy filtered resources.
2019-04-23 08:40:31,860 [Worker-33: Building workspace] INFO  o.e.m.c.i.embedder.EclipseLogger - skip non existing resourceDirectory D:\HobbyProjects\Maven\gs-rest-service-master\gs-rest-service-master\complete\src\test\resources
2019-04-23 08:41:41,309 [Worker-33: Building workspace] INFO  o.e.m.c.i.embedder.EclipseLogger - Using 'UTF-8' encoding to copy filtered resources.
2019-04-23 08:41:41,310 [Worker-33: Building workspace] INFO  o.e.m.c.i.embedder.EclipseLogger - skip non existing resourceDirectory D:\HobbyProjects\Maven\gs-rest-service-master\gs-rest-service-master\complete\src\main\resources
2019-04-23 08:41:41,310 [Worker-33: Building workspace] INFO  o.e.m.c.i.embedder.EclipseLogger - skip non existing resourceDirectory D:\HobbyProjects\Maven\gs-rest-service-master\gs-rest-service-master\complete\src\main\resources
2019-04-23 08:41:41,312 [Worker-33: Building workspace] INFO  o.e.m.c.i.embedder.EclipseLogger - Using 'UTF-8' encoding to copy filtered resources.
2019-04-23 08:41:41,312 [Worker-33: Building workspace] INFO  o.e.m.c.i.embedder.EclipseLogger - skip non existing resourceDirectory D:\HobbyProjects\Maven\gs-rest-service-master\gs-rest-service-master\complete\src\test\resources
2019-04-23 08:47:35,204 [Worker-33: Building workspace] INFO  o.e.m.c.i.embedder.EclipseLogger - Using 'UTF-8' encoding to copy filtered resources.
2019-04-23 08:47:35,204 [Worker-33: Building workspace] INFO  o.e.m.c.i.embedder.EclipseLogger - skip non existing resourceDirectory D:\HobbyProjects\Maven\gs-rest-service-master\gs-rest-service-master\complete\src\main\resources
2019-04-23 08:47:35,205 [Worker-33: Building workspace] INFO  o.e.m.c.i.embedder.EclipseLogger - skip non existing resourceDirectory D:\HobbyProjects\Maven\gs-rest-service-master\gs-rest-service-master\complete\src\main\resources
2019-04-23 08:47:35,206 [Worker-33: Building workspace] INFO  o.e.m.c.i.embedder.EclipseLogger - Using 'UTF-8' encoding to copy filtered resources.
2019-04-23 08:47:35,207 [Worker-33: Building workspace] INFO  o.e.m.c.i.embedder.EclipseLogger - skip non existing resourceDirectory D:\HobbyProjects\Maven\gs-rest-service-master\gs-rest-service-master\complete\src\test\resources
2019-04-23 08:47:44,756 [Worker-35: Building workspace] INFO  o.e.m.c.i.embedder.EclipseLogger - Using 'UTF-8' encoding to copy filtered resources.
2019-04-23 08:47:44,756 [Worker-35: Building workspace] INFO  o.e.m.c.i.embedder.EclipseLogger - skip non existing resourceDirectory D:\HobbyProjects\Maven\gs-rest-service-master\gs-rest-service-master\complete\src\main\resources
2019-04-23 08:47:44,756 [Worker-35: Building workspace] INFO  o.e.m.c.i.embedder.EclipseLogger - skip non existing resourceDirectory D:\HobbyProjects\Maven\gs-rest-service-master\gs-rest-service-master\complete\src\main\resources
2019-04-23 08:47:44,757 [Worker-35: Building workspace] INFO  o.e.m.c.i.embedder.EclipseLogger - Using 'UTF-8' encoding to copy filtered resources.
2019-04-23 08:47:44,758 [Worker-35: Building workspace] INFO  o.e.m.c.i.embedder.EclipseLogger - skip non existing resourceDirectory D:\HobbyProjects\Maven\gs-rest-service-master\gs-rest-service-master\complete\src\test\resources
2019-04-23 08:48:19,150 [Worker-35: Building workspace] INFO  o.e.m.c.i.embedder.EclipseLogger - Using 'UTF-8' encoding to copy filtered resources.
2019-04-23 08:48:19,150 [Worker-35: Building workspace] INFO  o.e.m.c.i.embedder.EclipseLogger - skip non existing resourceDirectory D:\HobbyProjects\Maven\gs-rest-service-master\gs-rest-service-master\complete\src\main\resources
2019-04-23 08:48:19,150 [Worker-35: Building workspace] INFO  o.e.m.c.i.embedder.EclipseLogger - skip non existing resourceDirectory D:\HobbyProjects\Maven\gs-rest-service-master\gs-rest-service-master\complete\src\main\resources
2019-04-23 08:48:19,152 [Worker-35: Building workspace] INFO  o.e.m.c.i.embedder.EclipseLogger - Using 'UTF-8' encoding to copy filtered resources.
2019-04-23 08:48:19,152 [Worker-35: Building workspace] INFO  o.e.m.c.i.embedder.EclipseLogger - skip non existing resourceDirectory D:\HobbyProjects\Maven\gs-rest-service-master\gs-rest-service-master\complete\src\test\resources
2019-04-23 08:48:33,379 [Worker-37: Building workspace] INFO  o.e.m.c.i.embedder.EclipseLogger - Using 'UTF-8' encoding to copy filtered resources.
2019-04-23 08:48:33,379 [Worker-37: Building workspace] INFO  o.e.m.c.i.embedder.EclipseLogger - skip non existing resourceDirectory D:\HobbyProjects\Maven\gs-rest-service-master\gs-rest-service-master\complete\src\main\resources
2019-04-23 08:48:33,379 [Worker-37: Building workspace] INFO  o.e.m.c.i.embedder.EclipseLogger - skip non existing resourceDirectory D:\HobbyProjects\Maven\gs-rest-service-master\gs-rest-service-master\complete\src\main\resources
2019-04-23 08:48:33,381 [Worker-37: Building workspace] INFO  o.e.m.c.i.embedder.EclipseLogger - Using 'UTF-8' encoding to copy filtered resources.
2019-04-23 08:48:33,382 [Worker-37: Building workspace] INFO  o.e.m.c.i.embedder.EclipseLogger - skip non existing resourceDirectory D:\HobbyProjects\Maven\gs-rest-service-master\gs-rest-service-master\complete\src\test\resources
2019-04-23 08:49:06,679 [Worker-33: Building workspace] INFO  o.e.m.c.i.embedder.EclipseLogger - Using 'UTF-8' encoding to copy filtered resources.
2019-04-23 08:49:06,679 [Worker-33: Building workspace] INFO  o.e.m.c.i.embedder.EclipseLogger - skip non existing resourceDirectory D:\HobbyProjects\Maven\gs-rest-service-master\gs-rest-service-master\complete\src\main\resources
2019-04-23 08:49:06,680 [Worker-33: Building workspace] INFO  o.e.m.c.i.embedder.EclipseLogger - skip non existing resourceDirectory D:\HobbyProjects\Maven\gs-rest-service-master\gs-rest-service-master\complete\src\main\resources
2019-04-23 08:49:06,681 [Worker-33: Building workspace] INFO  o.e.m.c.i.embedder.EclipseLogger - Using 'UTF-8' encoding to copy filtered resources.
2019-04-23 08:49:06,681 [Worker-33: Building workspace] INFO  o.e.m.c.i.embedder.EclipseLogger - skip non existing resourceDirectory D:\HobbyProjects\Maven\gs-rest-service-master\gs-rest-service-master\complete\src\test\resources
2019-04-23 09:02:04,306 [Worker-38: Building workspace] INFO  o.e.m.c.i.embedder.EclipseLogger - Using 'UTF-8' encoding to copy filtered resources.
2019-04-23 09:02:04,307 [Worker-38: Building workspace] INFO  o.e.m.c.i.embedder.EclipseLogger - skip non existing resourceDirectory D:\HobbyProjects\Maven\gs-rest-service-master\gs-rest-service-master\complete\src\main\resources
2019-04-23 09:02:04,307 [Worker-38: Building workspace] INFO  o.e.m.c.i.embedder.EclipseLogger - skip non existing resourceDirectory D:\HobbyProjects\Maven\gs-rest-service-master\gs-rest-service-master\complete\src\main\resources
2019-04-23 09:02:04,308 [Worker-38: Building workspace] INFO  o.e.m.c.i.embedder.EclipseLogger - Using 'UTF-8' encoding to copy filtered resources.
2019-04-23 09:02:04,309 [Worker-38: Building workspace] INFO  o.e.m.c.i.embedder.EclipseLogger - skip non existing resourceDirectory D:\HobbyProjects\Maven\gs-rest-service-master\gs-rest-service-master\complete\src\test\resources
2019-04-23 09:12:38,987 [Worker-46: Building workspace] INFO  o.e.m.c.i.embedder.EclipseLogger - Using 'UTF-8' encoding to copy filtered resources.
2019-04-23 09:12:38,987 [Worker-46: Building workspace] INFO  o.e.m.c.i.embedder.EclipseLogger - skip non existing resourceDirectory D:\HobbyProjects\Maven\gs-rest-service-master\gs-rest-service-master\complete\src\main\resources
2019-04-23 09:12:38,987 [Worker-46: Building workspace] INFO  o.e.m.c.i.embedder.EclipseLogger - skip non existing resourceDirectory D:\HobbyProjects\Maven\gs-rest-service-master\gs-rest-service-master\complete\src\main\resources
2019-04-23 09:12:38,988 [Worker-46: Building workspace] INFO  o.e.m.c.i.embedder.EclipseLogger - Using 'UTF-8' encoding to copy filtered resources.
2019-04-23 09:12:38,988 [Worker-46: Building workspace] INFO  o.e.m.c.i.embedder.EclipseLogger - skip non existing resourceDirectory D:\HobbyProjects\Maven\gs-rest-service-master\gs-rest-service-master\complete\src\test\resources
2019-04-23 09:12:49,388 [Worker-46: Building workspace] INFO  o.e.m.c.i.embedder.EclipseLogger - Using 'UTF-8' encoding to copy filtered resources.
2019-04-23 09:12:49,388 [Worker-46: Building workspace] INFO  o.e.m.c.i.embedder.EclipseLogger - skip non existing resourceDirectory D:\HobbyProjects\Maven\gs-rest-service-master\gs-rest-service-master\complete\src\main\resources
2019-04-23 09:12:49,388 [Worker-46: Building workspace] INFO  o.e.m.c.i.embedder.EclipseLogger - skip non existing resourceDirectory D:\HobbyProjects\Maven\gs-rest-service-master\gs-rest-service-master\complete\src\main\resources
2019-04-23 09:12:49,391 [Worker-46: Building workspace] INFO  o.e.m.c.i.embedder.EclipseLogger - Using 'UTF-8' encoding to copy filtered resources.
2019-04-23 09:12:49,391 [Worker-46: Building workspace] INFO  o.e.m.c.i.embedder.EclipseLogger - skip non existing resourceDirectory D:\HobbyProjects\Maven\gs-rest-service-master\gs-rest-service-master\complete\src\test\resources
2019-04-23 09:18:11,924 [Worker-48: Building workspace] INFO  o.e.m.c.i.embedder.EclipseLogger - Using 'UTF-8' encoding to copy filtered resources.
2019-04-23 09:18:11,925 [Worker-48: Building workspace] INFO  o.e.m.c.i.embedder.EclipseLogger - skip non existing resourceDirectory D:\HobbyProjects\Maven\gs-rest-service-master\gs-rest-service-master\complete\src\main\resources
2019-04-23 09:18:11,925 [Worker-48: Building workspace] INFO  o.e.m.c.i.embedder.EclipseLogger - skip non existing resourceDirectory D:\HobbyProjects\Maven\gs-rest-service-master\gs-rest-service-master\complete\src\main\resources
2019-04-23 09:18:11,928 [Worker-48: Building workspace] INFO  o.e.m.c.i.embedder.EclipseLogger - Using 'UTF-8' encoding to copy filtered resources.
2019-04-23 09:18:11,929 [Worker-48: Building workspace] INFO  o.e.m.c.i.embedder.EclipseLogger - skip non existing resourceDirectory D:\HobbyProjects\Maven\gs-rest-service-master\gs-rest-service-master\complete\src\test\resources
2019-04-23 09:18:13,098 [Worker-46: Building workspace] INFO  o.e.m.c.i.embedder.EclipseLogger - Using 'UTF-8' encoding to copy filtered resources.
2019-04-23 09:18:13,099 [Worker-46: Building workspace] INFO  o.e.m.c.i.embedder.EclipseLogger - skip non existing resourceDirectory D:\HobbyProjects\Maven\gs-rest-service-master\gs-rest-service-master\complete\src\main\resources
2019-04-23 09:18:13,099 [Worker-46: Building workspace] INFO  o.e.m.c.i.embedder.EclipseLogger - skip non existing resourceDirectory D:\HobbyProjects\Maven\gs-rest-service-master\gs-rest-service-master\complete\src\main\resources
2019-04-23 09:18:13,102 [Worker-46: Building workspace] INFO  o.e.m.c.i.embedder.EclipseLogger - Using 'UTF-8' encoding to copy filtered resources.
2019-04-23 09:18:13,103 [Worker-46: Building workspace] INFO  o.e.m.c.i.embedder.EclipseLogger - skip non existing resourceDirectory D:\HobbyProjects\Maven\gs-rest-service-master\gs-rest-service-master\complete\src\test\resources
2019-04-23 09:19:37,810 [Worker-46: Building workspace] INFO  o.e.m.c.i.embedder.EclipseLogger - Using 'UTF-8' encoding to copy filtered resources.
2019-04-23 09:19:37,810 [Worker-46: Building workspace] INFO  o.e.m.c.i.embedder.EclipseLogger - skip non existing resourceDirectory D:\HobbyProjects\Maven\gs-rest-service-master\gs-rest-service-master\complete\src\main\resources
2019-04-23 09:19:37,810 [Worker-46: Building workspace] INFO  o.e.m.c.i.embedder.EclipseLogger - skip non existing resourceDirectory D:\HobbyProjects\Maven\gs-rest-service-master\gs-rest-service-master\complete\src\main\resources
2019-04-23 09:19:37,812 [Worker-46: Building workspace] INFO  o.e.m.c.i.embedder.EclipseLogger - Using 'UTF-8' encoding to copy filtered resources.
2019-04-23 09:19:37,812 [Worker-46: Building workspace] INFO  o.e.m.c.i.embedder.EclipseLogger - skip non existing resourceDirectory D:\HobbyProjects\Maven\gs-rest-service-master\gs-rest-service-master\complete\src\test\resources
2019-04-23 09:21:53,744 [Worker-49: Building workspace] INFO  o.e.m.c.i.embedder.EclipseLogger - Using 'UTF-8' encoding to copy filtered resources.
2019-04-23 09:21:53,744 [Worker-49: Building workspace] INFO  o.e.m.c.i.embedder.EclipseLogger - skip non existing resourceDirectory D:\HobbyProjects\Maven\gs-rest-service-master\gs-rest-service-master\complete\src\main\resources
2019-04-23 09:21:53,744 [Worker-49: Building workspace] INFO  o.e.m.c.i.embedder.EclipseLogger - skip non existing resourceDirectory D:\HobbyProjects\Maven\gs-rest-service-master\gs-rest-service-master\complete\src\main\resources
2019-04-23 09:21:53,747 [Worker-49: Building workspace] INFO  o.e.m.c.i.embedder.EclipseLogger - Using 'UTF-8' encoding to copy filtered resources.
2019-04-23 09:21:53,747 [Worker-49: Building workspace] INFO  o.e.m.c.i.embedder.EclipseLogger - skip non existing resourceDirectory D:\HobbyProjects\Maven\gs-rest-service-master\gs-rest-service-master\complete\src\test\resources
2019-04-23 09:21:54,979 [Worker-46: Building workspace] INFO  o.e.m.c.i.embedder.EclipseLogger - Using 'UTF-8' encoding to copy filtered resources.
2019-04-23 09:21:54,979 [Worker-46: Building workspace] INFO  o.e.m.c.i.embedder.EclipseLogger - skip non existing resourceDirectory D:\HobbyProjects\Maven\gs-rest-service-master\gs-rest-service-master\complete\src\main\resources
2019-04-23 09:21:54,979 [Worker-46: Building workspace] INFO  o.e.m.c.i.embedder.EclipseLogger - skip non existing resourceDirectory D:\HobbyProjects\Maven\gs-rest-service-master\gs-rest-service-master\complete\src\main\resources
2019-04-23 09:21:54,982 [Worker-46: Building workspace] INFO  o.e.m.c.i.embedder.EclipseLogger - Using 'UTF-8' encoding to copy filtered resources.
2019-04-23 09:21:54,982 [Worker-46: Building workspace] INFO  o.e.m.c.i.embedder.EclipseLogger - skip non existing resourceDirectory D:\HobbyProjects\Maven\gs-rest-service-master\gs-rest-service-master\complete\src\test\resources
2019-04-23 09:22:02,657 [Worker-46: Building workspace] INFO  o.e.m.c.i.embedder.EclipseLogger - Using 'UTF-8' encoding to copy filtered resources.
2019-04-23 09:22:02,658 [Worker-46: Building workspace] INFO  o.e.m.c.i.embedder.EclipseLogger - skip non existing resourceDirectory D:\HobbyProjects\Maven\gs-rest-service-master\gs-rest-service-master\complete\src\main\resources
2019-04-23 09:22:02,658 [Worker-46: Building workspace] INFO  o.e.m.c.i.embedder.EclipseLogger - skip non existing resourceDirectory D:\HobbyProjects\Maven\gs-rest-service-master\gs-rest-service-master\complete\src\main\resources
2019-04-23 09:22:02,659 [Worker-46: Building workspace] INFO  o.e.m.c.i.embedder.EclipseLogger - Using 'UTF-8' encoding to copy filtered resources.
2019-04-23 09:22:02,659 [Worker-46: Building workspace] INFO  o.e.m.c.i.embedder.EclipseLogger - skip non existing resourceDirectory D:\HobbyProjects\Maven\gs-rest-service-master\gs-rest-service-master\complete\src\test\resources
2019-04-23 09:22:03,888 [Worker-47: Building workspace] INFO  o.e.m.c.i.embedder.EclipseLogger - Using 'UTF-8' encoding to copy filtered resources.
2019-04-23 09:22:03,888 [Worker-47: Building workspace] INFO  o.e.m.c.i.embedder.EclipseLogger - skip non existing resourceDirectory D:\HobbyProjects\Maven\gs-rest-service-master\gs-rest-service-master\complete\src\main\resources
2019-04-23 09:22:03,888 [Worker-47: Building workspace] INFO  o.e.m.c.i.embedder.EclipseLogger - skip non existing resourceDirectory D:\HobbyProjects\Maven\gs-rest-service-master\gs-rest-service-master\complete\src\main\resources
2019-04-23 09:22:03,890 [Worker-47: Building workspace] INFO  o.e.m.c.i.embedder.EclipseLogger - Using 'UTF-8' encoding to copy filtered resources.
2019-04-23 09:22:03,890 [Worker-47: Building workspace] INFO  o.e.m.c.i.embedder.EclipseLogger - skip non existing resourceDirectory D:\HobbyProjects\Maven\gs-rest-service-master\gs-rest-service-master\complete\src\test\resources
2019-04-23 09:23:34,664 [Worker-49: Building workspace] INFO  o.e.m.c.i.embedder.EclipseLogger - Using 'UTF-8' encoding to copy filtered resources.
2019-04-23 09:23:34,664 [Worker-49: Building workspace] INFO  o.e.m.c.i.embedder.EclipseLogger - skip non existing resourceDirectory D:\HobbyProjects\Maven\gs-rest-service-master\gs-rest-service-master\complete\src\main\resources
2019-04-23 09:23:34,664 [Worker-49: Building workspace] INFO  o.e.m.c.i.embedder.EclipseLogger - skip non existing resourceDirectory D:\HobbyProjects\Maven\gs-rest-service-master\gs-rest-service-master\complete\src\main\resources
2019-04-23 09:23:34,665 [Worker-49: Building workspace] INFO  o.e.m.c.i.embedder.EclipseLogger - Using 'UTF-8' encoding to copy filtered resources.
2019-04-23 09:23:34,665 [Worker-49: Building workspace] INFO  o.e.m.c.i.embedder.EclipseLogger - skip non existing resourceDirectory D:\HobbyProjects\Maven\gs-rest-service-master\gs-rest-service-master\complete\src\test\resources
2019-04-23 09:23:35,848 [Worker-48: Building workspace] INFO  o.e.m.c.i.embedder.EclipseLogger - Using 'UTF-8' encoding to copy filtered resources.
2019-04-23 09:23:35,848 [Worker-48: Building workspace] INFO  o.e.m.c.i.embedder.EclipseLogger - skip non existing resourceDirectory D:\HobbyProjects\Maven\gs-rest-service-master\gs-rest-service-master\complete\src\main\resources
2019-04-23 09:23:35,848 [Worker-48: Building workspace] INFO  o.e.m.c.i.embedder.EclipseLogger - skip non existing resourceDirectory D:\HobbyProjects\Maven\gs-rest-service-master\gs-rest-service-master\complete\src\main\resources
2019-04-23 09:23:35,850 [Worker-48: Building workspace] INFO  o.e.m.c.i.embedder.EclipseLogger - Using 'UTF-8' encoding to copy filtered resources.
2019-04-23 09:23:35,850 [Worker-48: Building workspace] INFO  o.e.m.c.i.embedder.EclipseLogger - skip non existing resourceDirectory D:\HobbyProjects\Maven\gs-rest-service-master\gs-rest-service-master\complete\src\test\resources
2019-04-23 09:23:46,350 [Worker-46: Building workspace] INFO  o.e.m.c.i.embedder.EclipseLogger - Using 'UTF-8' encoding to copy filtered resources.
2019-04-23 09:23:46,350 [Worker-46: Building workspace] INFO  o.e.m.c.i.embedder.EclipseLogger - skip non existing resourceDirectory D:\HobbyProjects\Maven\gs-rest-service-master\gs-rest-service-master\complete\src\main\resources
2019-04-23 09:23:46,350 [Worker-46: Building workspace] INFO  o.e.m.c.i.embedder.EclipseLogger - skip non existing resourceDirectory D:\HobbyProjects\Maven\gs-rest-service-master\gs-rest-service-master\complete\src\main\resources
2019-04-23 09:23:46,352 [Worker-46: Building workspace] INFO  o.e.m.c.i.embedder.EclipseLogger - Using 'UTF-8' encoding to copy filtered resources.
2019-04-23 09:23:46,352 [Worker-46: Building workspace] INFO  o.e.m.c.i.embedder.EclipseLogger - skip non existing resourceDirectory D:\HobbyProjects\Maven\gs-rest-service-master\gs-rest-service-master\complete\src\test\resources
2019-04-23 09:23:50,050 [Worker-48: Building workspace] INFO  o.e.m.c.i.embedder.EclipseLogger - Using 'UTF-8' encoding to copy filtered resources.
2019-04-23 09:23:50,050 [Worker-48: Building workspace] INFO  o.e.m.c.i.embedder.EclipseLogger - skip non existing resourceDirectory D:\HobbyProjects\Maven\gs-rest-service-master\gs-rest-service-master\complete\src\main\resources
2019-04-23 09:23:50,054 [Worker-48: Building workspace] INFO  o.e.m.c.i.embedder.EclipseLogger - skip non existing resourceDirectory D:\HobbyProjects\Maven\gs-rest-service-master\gs-rest-service-master\complete\src\main\resources
2019-04-23 09:23:50,062 [Worker-48: Building workspace] INFO  o.e.m.c.i.embedder.EclipseLogger - Using 'UTF-8' encoding to copy filtered resources.
2019-04-23 09:23:50,062 [Worker-48: Building workspace] INFO  o.e.m.c.i.embedder.EclipseLogger - skip non existing resourceDirectory D:\HobbyProjects\Maven\gs-rest-service-master\gs-rest-service-master\complete\src\test\resources
2019-04-23 09:25:11,190 [Worker-50: Building workspace] INFO  o.e.m.c.i.embedder.EclipseLogger - Using 'UTF-8' encoding to copy filtered resources.
2019-04-23 09:25:11,190 [Worker-50: Building workspace] INFO  o.e.m.c.i.embedder.EclipseLogger - skip non existing resourceDirectory D:\HobbyProjects\Maven\gs-rest-service-master\gs-rest-service-master\complete\src\main\resources
2019-04-23 09:25:11,190 [Worker-50: Building workspace] INFO  o.e.m.c.i.embedder.EclipseLogger - skip non existing resourceDirectory D:\HobbyProjects\Maven\gs-rest-service-master\gs-rest-service-master\complete\src\main\resources
2019-04-23 09:25:11,192 [Worker-50: Building workspace] INFO  o.e.m.c.i.embedder.EclipseLogger - Using 'UTF-8' encoding to copy filtered resources.
2019-04-23 09:25:11,192 [Worker-50: Building workspace] INFO  o.e.m.c.i.embedder.EclipseLogger - skip non existing resourceDirectory D:\HobbyProjects\Maven\gs-rest-service-master\gs-rest-service-master\complete\src\test\resources
2019-04-23 09:25:12,286 [Worker-46: Building workspace] INFO  o.e.m.c.i.embedder.EclipseLogger - Using 'UTF-8' encoding to copy filtered resources.
2019-04-23 09:25:12,286 [Worker-46: Building workspace] INFO  o.e.m.c.i.embedder.EclipseLogger - skip non existing resourceDirectory D:\HobbyProjects\Maven\gs-rest-service-master\gs-rest-service-master\complete\src\main\resources
2019-04-23 09:25:12,286 [Worker-46: Building workspace] INFO  o.e.m.c.i.embedder.EclipseLogger - skip non existing resourceDirectory D:\HobbyProjects\Maven\gs-rest-service-master\gs-rest-service-master\complete\src\main\resources
2019-04-23 09:25:12,288 [Worker-46: Building workspace] INFO  o.e.m.c.i.embedder.EclipseLogger - Using 'UTF-8' encoding to copy filtered resources.
2019-04-23 09:25:12,288 [Worker-46: Building workspace] INFO  o.e.m.c.i.embedder.EclipseLogger - skip non existing resourceDirectory D:\HobbyProjects\Maven\gs-rest-service-master\gs-rest-service-master\complete\src\test\resources
2019-04-23 09:25:20,986 [Worker-52: Building workspace] INFO  o.e.m.c.i.embedder.EclipseLogger - Using 'UTF-8' encoding to copy filtered resources.
2019-04-23 09:25:20,986 [Worker-52: Building workspace] INFO  o.e.m.c.i.embedder.EclipseLogger - skip non existing resourceDirectory D:\HobbyProjects\Maven\gs-rest-service-master\gs-rest-service-master\complete\src\main\resources
2019-04-23 09:25:20,986 [Worker-52: Building workspace] INFO  o.e.m.c.i.embedder.EclipseLogger - skip non existing resourceDirectory D:\HobbyProjects\Maven\gs-rest-service-master\gs-rest-service-master\complete\src\main\resources
2019-04-23 09:25:20,988 [Worker-52: Building workspace] INFO  o.e.m.c.i.embedder.EclipseLogger - Using 'UTF-8' encoding to copy filtered resources.
2019-04-23 09:25:20,988 [Worker-52: Building workspace] INFO  o.e.m.c.i.embedder.EclipseLogger - skip non existing resourceDirectory D:\HobbyProjects\Maven\gs-rest-service-master\gs-rest-service-master\complete\src\test\resources
2019-04-23 09:26:32,331 [Worker-51: Building workspace] INFO  o.e.m.c.i.embedder.EclipseLogger - Using 'UTF-8' encoding to copy filtered resources.
2019-04-23 09:26:32,331 [Worker-51: Building workspace] INFO  o.e.m.c.i.embedder.EclipseLogger - skip non existing resourceDirectory D:\HobbyProjects\Maven\gs-rest-service-master\gs-rest-service-master\complete\src\main\resources
2019-04-23 09:26:32,331 [Worker-51: Building workspace] INFO  o.e.m.c.i.embedder.EclipseLogger - skip non existing resourceDirectory D:\HobbyProjects\Maven\gs-rest-service-master\gs-rest-service-master\complete\src\main\resources
2019-04-23 09:26:32,333 [Worker-51: Building workspace] INFO  o.e.m.c.i.embedder.EclipseLogger - Using 'UTF-8' encoding to copy filtered resources.
2019-04-23 09:26:32,333 [Worker-51: Building workspace] INFO  o.e.m.c.i.embedder.EclipseLogger - skip non existing resourceDirectory D:\HobbyProjects\Maven\gs-rest-service-master\gs-rest-service-master\complete\src\test\resources
2019-04-23 09:26:33,387 [Worker-48: Building workspace] INFO  o.e.m.c.i.embedder.EclipseLogger - Using 'UTF-8' encoding to copy filtered resources.
2019-04-23 09:26:33,387 [Worker-48: Building workspace] INFO  o.e.m.c.i.embedder.EclipseLogger - skip non existing resourceDirectory D:\HobbyProjects\Maven\gs-rest-service-master\gs-rest-service-master\complete\src\main\resources
2019-04-23 09:26:33,388 [Worker-48: Building workspace] INFO  o.e.m.c.i.embedder.EclipseLogger - skip non existing resourceDirectory D:\HobbyProjects\Maven\gs-rest-service-master\gs-rest-service-master\complete\src\main\resources
2019-04-23 09:26:33,391 [Worker-48: Building workspace] INFO  o.e.m.c.i.embedder.EclipseLogger - Using 'UTF-8' encoding to copy filtered resources.
2019-04-23 09:26:33,392 [Worker-48: Building workspace] INFO  o.e.m.c.i.embedder.EclipseLogger - skip non existing resourceDirectory D:\HobbyProjects\Maven\gs-rest-service-master\gs-rest-service-master\complete\src\test\resources
2019-04-23 09:27:22,398 [Worker-52: Building workspace] INFO  o.e.m.c.i.embedder.EclipseLogger - Using 'UTF-8' encoding to copy filtered resources.
2019-04-23 09:27:22,398 [Worker-52: Building workspace] INFO  o.e.m.c.i.embedder.EclipseLogger - skip non existing resourceDirectory D:\HobbyProjects\Maven\gs-rest-service-master\gs-rest-service-master\complete\src\main\resources
2019-04-23 09:27:22,398 [Worker-52: Building workspace] INFO  o.e.m.c.i.embedder.EclipseLogger - skip non existing resourceDirectory D:\HobbyProjects\Maven\gs-rest-service-master\gs-rest-service-master\complete\src\main\resources
2019-04-23 09:27:22,402 [Worker-52: Building workspace] INFO  o.e.m.c.i.embedder.EclipseLogger - Using 'UTF-8' encoding to copy filtered resources.
2019-04-23 09:27:22,402 [Worker-52: Building workspace] INFO  o.e.m.c.i.embedder.EclipseLogger - skip non existing resourceDirectory D:\HobbyProjects\Maven\gs-rest-service-master\gs-rest-service-master\complete\src\test\resources
2019-04-23 09:28:01,868 [Worker-53: Building workspace] INFO  o.e.m.c.i.embedder.EclipseLogger - Using 'UTF-8' encoding to copy filtered resources.
2019-04-23 09:28:01,868 [Worker-53: Building workspace] INFO  o.e.m.c.i.embedder.EclipseLogger - skip non existing resourceDirectory D:\HobbyProjects\Maven\gs-rest-service-master\gs-rest-service-master\complete\src\main\resources
2019-04-23 09:28:01,868 [Worker-53: Building workspace] INFO  o.e.m.c.i.embedder.EclipseLogger - skip non existing resourceDirectory D:\HobbyProjects\Maven\gs-rest-service-master\gs-rest-service-master\complete\src\main\resources
2019-04-23 09:28:01,870 [Worker-53: Building workspace] INFO  o.e.m.c.i.embedder.EclipseLogger - Using 'UTF-8' encoding to copy filtered resources.
2019-04-23 09:28:01,870 [Worker-53: Building workspace] INFO  o.e.m.c.i.embedder.EclipseLogger - skip non existing resourceDirectory D:\HobbyProjects\Maven\gs-rest-service-master\gs-rest-service-master\complete\src\test\resources
2019-04-23 09:28:03,019 [Worker-51: Building workspace] INFO  o.e.m.c.i.embedder.EclipseLogger - Using 'UTF-8' encoding to copy filtered resources.
2019-04-23 09:28:03,020 [Worker-51: Building workspace] INFO  o.e.m.c.i.embedder.EclipseLogger - skip non existing resourceDirectory D:\HobbyProjects\Maven\gs-rest-service-master\gs-rest-service-master\complete\src\main\resources
2019-04-23 09:28:03,020 [Worker-51: Building workspace] INFO  o.e.m.c.i.embedder.EclipseLogger - skip non existing resourceDirectory D:\HobbyProjects\Maven\gs-rest-service-master\gs-rest-service-master\complete\src\main\resources
2019-04-23 09:28:03,022 [Worker-51: Building workspace] INFO  o.e.m.c.i.embedder.EclipseLogger - Using 'UTF-8' encoding to copy filtered resources.
2019-04-23 09:28:03,022 [Worker-51: Building workspace] INFO  o.e.m.c.i.embedder.EclipseLogger - skip non existing resourceDirectory D:\HobbyProjects\Maven\gs-rest-service-master\gs-rest-service-master\complete\src\test\resources
2019-04-23 09:28:08,168 [Worker-51: Building workspace] INFO  o.e.m.c.i.embedder.EclipseLogger - Using 'UTF-8' encoding to copy filtered resources.
2019-04-23 09:28:08,168 [Worker-51: Building workspace] INFO  o.e.m.c.i.embedder.EclipseLogger - skip non existing resourceDirectory D:\HobbyProjects\Maven\gs-rest-service-master\gs-rest-service-master\complete\src\main\resources
2019-04-23 09:28:08,169 [Worker-51: Building workspace] INFO  o.e.m.c.i.embedder.EclipseLogger - skip non existing resourceDirectory D:\HobbyProjects\Maven\gs-rest-service-master\gs-rest-service-master\complete\src\main\resources
2019-04-23 09:28:08,170 [Worker-51: Building workspace] INFO  o.e.m.c.i.embedder.EclipseLogger - Using 'UTF-8' encoding to copy filtered resources.
2019-04-23 09:28:08,171 [Worker-51: Building workspace] INFO  o.e.m.c.i.embedder.EclipseLogger - skip non existing resourceDirectory D:\HobbyProjects\Maven\gs-rest-service-master\gs-rest-service-master\complete\src\test\resources
2019-04-23 09:28:13,278 [Worker-51: Building workspace] INFO  o.e.m.c.i.embedder.EclipseLogger - Using 'UTF-8' encoding to copy filtered resources.
2019-04-23 09:28:13,279 [Worker-51: Building workspace] INFO  o.e.m.c.i.embedder.EclipseLogger - skip non existing resourceDirectory D:\HobbyProjects\Maven\gs-rest-service-master\gs-rest-service-master\complete\src\main\resources
2019-04-23 09:28:13,279 [Worker-51: Building workspace] INFO  o.e.m.c.i.embedder.EclipseLogger - skip non existing resourceDirectory D:\HobbyProjects\Maven\gs-rest-service-master\gs-rest-service-master\complete\src\main\resources
2019-04-23 09:28:13,281 [Worker-51: Building workspace] INFO  o.e.m.c.i.embedder.EclipseLogger - Using 'UTF-8' encoding to copy filtered resources.
2019-04-23 09:28:13,281 [Worker-51: Building workspace] INFO  o.e.m.c.i.embedder.EclipseLogger - skip non existing resourceDirectory D:\HobbyProjects\Maven\gs-rest-service-master\gs-rest-service-master\complete\src\test\resources
2019-04-23 09:28:18,075 [Worker-48: Building workspace] INFO  o.e.m.c.i.embedder.EclipseLogger - Using 'UTF-8' encoding to copy filtered resources.
2019-04-23 09:28:18,076 [Worker-48: Building workspace] INFO  o.e.m.c.i.embedder.EclipseLogger - skip non existing resourceDirectory D:\HobbyProjects\Maven\gs-rest-service-master\gs-rest-service-master\complete\src\main\resources
2019-04-23 09:28:18,076 [Worker-48: Building workspace] INFO  o.e.m.c.i.embedder.EclipseLogger - skip non existing resourceDirectory D:\HobbyProjects\Maven\gs-rest-service-master\gs-rest-service-master\complete\src\main\resources
2019-04-23 09:28:18,077 [Worker-48: Building workspace] INFO  o.e.m.c.i.embedder.EclipseLogger - Using 'UTF-8' encoding to copy filtered resources.
2019-04-23 09:28:18,078 [Worker-48: Building workspace] INFO  o.e.m.c.i.embedder.EclipseLogger - skip non existing resourceDirectory D:\HobbyProjects\Maven\gs-rest-service-master\gs-rest-service-master\complete\src\test\resources
2019-04-23 09:29:31,015 [Worker-53: Building workspace] INFO  o.e.m.c.i.embedder.EclipseLogger - Using 'UTF-8' encoding to copy filtered resources.
2019-04-23 09:29:31,016 [Worker-53: Building workspace] INFO  o.e.m.c.i.embedder.EclipseLogger - skip non existing resourceDirectory D:\HobbyProjects\Maven\gs-rest-service-master\gs-rest-service-master\complete\src\main\resources
2019-04-23 09:29:31,016 [Worker-53: Building workspace] INFO  o.e.m.c.i.embedder.EclipseLogger - skip non existing resourceDirectory D:\HobbyProjects\Maven\gs-rest-service-master\gs-rest-service-master\complete\src\main\resources
2019-04-23 09:29:31,018 [Worker-53: Building workspace] INFO  o.e.m.c.i.embedder.EclipseLogger - Using 'UTF-8' encoding to copy filtered resources.
2019-04-23 09:29:31,018 [Worker-53: Building workspace] INFO  o.e.m.c.i.embedder.EclipseLogger - skip non existing resourceDirectory D:\HobbyProjects\Maven\gs-rest-service-master\gs-rest-service-master\complete\src\test\resources
2019-04-23 09:29:39,679 [Worker-46: Building workspace] INFO  o.e.m.c.i.embedder.EclipseLogger - Using 'UTF-8' encoding to copy filtered resources.
2019-04-23 09:29:39,679 [Worker-46: Building workspace] INFO  o.e.m.c.i.embedder.EclipseLogger - skip non existing resourceDirectory D:\HobbyProjects\Maven\gs-rest-service-master\gs-rest-service-master\complete\src\main\resources
2019-04-23 09:29:39,679 [Worker-46: Building workspace] INFO  o.e.m.c.i.embedder.EclipseLogger - skip non existing resourceDirectory D:\HobbyProjects\Maven\gs-rest-service-master\gs-rest-service-master\complete\src\main\resources
2019-04-23 09:29:39,685 [Worker-46: Building workspace] INFO  o.e.m.c.i.embedder.EclipseLogger - Using 'UTF-8' encoding to copy filtered resources.
2019-04-23 09:29:39,685 [Worker-46: Building workspace] INFO  o.e.m.c.i.embedder.EclipseLogger - skip non existing resourceDirectory D:\HobbyProjects\Maven\gs-rest-service-master\gs-rest-service-master\complete\src\test\resources
2019-04-23 09:30:00,200 [Worker-48: Building workspace] INFO  o.e.m.c.i.embedder.EclipseLogger - Using 'UTF-8' encoding to copy filtered resources.
2019-04-23 09:30:00,200 [Worker-48: Building workspace] INFO  o.e.m.c.i.embedder.EclipseLogger - skip non existing resourceDirectory D:\HobbyProjects\Maven\gs-rest-service-master\gs-rest-service-master\complete\src\main\resources
2019-04-23 09:30:00,200 [Worker-48: Building workspace] INFO  o.e.m.c.i.embedder.EclipseLogger - skip non existing resourceDirectory D:\HobbyProjects\Maven\gs-rest-service-master\gs-rest-service-master\complete\src\main\resources
2019-04-23 09:30:00,201 [Worker-48: Building workspace] INFO  o.e.m.c.i.embedder.EclipseLogger - Using 'UTF-8' encoding to copy filtered resources.
2019-04-23 09:30:00,201 [Worker-48: Building workspace] INFO  o.e.m.c.i.embedder.EclipseLogger - skip non existing resourceDirectory D:\HobbyProjects\Maven\gs-rest-service-master\gs-rest-service-master\complete\src\test\resources
2019-04-23 09:30:16,212 [Worker-50: Building workspace] INFO  o.e.m.c.i.embedder.EclipseLogger - Using 'UTF-8' encoding to copy filtered resources.
2019-04-23 09:30:16,212 [Worker-50: Building workspace] INFO  o.e.m.c.i.embedder.EclipseLogger - skip non existing resourceDirectory D:\HobbyProjects\Maven\gs-rest-service-master\gs-rest-service-master\complete\src\main\resources
2019-04-23 09:30:16,212 [Worker-50: Building workspace] INFO  o.e.m.c.i.embedder.EclipseLogger - skip non existing resourceDirectory D:\HobbyProjects\Maven\gs-rest-service-master\gs-rest-service-master\complete\src\main\resources
2019-04-23 09:30:16,213 [Worker-50: Building workspace] INFO  o.e.m.c.i.embedder.EclipseLogger - Using 'UTF-8' encoding to copy filtered resources.
2019-04-23 09:30:16,213 [Worker-50: Building workspace] INFO  o.e.m.c.i.embedder.EclipseLogger - skip non existing resourceDirectory D:\HobbyProjects\Maven\gs-rest-service-master\gs-rest-service-master\complete\src\test\resources
2019-04-23 09:30:36,222 [Worker-51: Building workspace] INFO  o.e.m.c.i.embedder.EclipseLogger - Using 'UTF-8' encoding to copy filtered resources.
2019-04-23 09:30:36,222 [Worker-51: Building workspace] INFO  o.e.m.c.i.embedder.EclipseLogger - skip non existing resourceDirectory D:\HobbyProjects\Maven\gs-rest-service-master\gs-rest-service-master\complete\src\main\resources
2019-04-23 09:30:36,222 [Worker-51: Building workspace] INFO  o.e.m.c.i.embedder.EclipseLogger - skip non existing resourceDirectory D:\HobbyProjects\Maven\gs-rest-service-master\gs-rest-service-master\complete\src\main\resources
2019-04-23 09:30:36,224 [Worker-51: Building workspace] INFO  o.e.m.c.i.embedder.EclipseLogger - Using 'UTF-8' encoding to copy filtered resources.
2019-04-23 09:30:36,224 [Worker-51: Building workspace] INFO  o.e.m.c.i.embedder.EclipseLogger - skip non existing resourceDirectory D:\HobbyProjects\Maven\gs-rest-service-master\gs-rest-service-master\complete\src\test\resources
2019-04-23 09:30:52,236 [Worker-46: Building workspace] INFO  o.e.m.c.i.embedder.EclipseLogger - Using 'UTF-8' encoding to copy filtered resources.
2019-04-23 09:30:52,236 [Worker-46: Building workspace] INFO  o.e.m.c.i.embedder.EclipseLogger - skip non existing resourceDirectory D:\HobbyProjects\Maven\gs-rest-service-master\gs-rest-service-master\complete\src\main\resources
2019-04-23 09:30:52,237 [Worker-46: Building workspace] INFO  o.e.m.c.i.embedder.EclipseLogger - skip non existing resourceDirectory D:\HobbyProjects\Maven\gs-rest-service-master\gs-rest-service-master\complete\src\main\resources
2019-04-23 09:30:52,241 [Worker-46: Building workspace] INFO  o.e.m.c.i.embedder.EclipseLogger - Using 'UTF-8' encoding to copy filtered resources.
2019-04-23 09:30:52,241 [Worker-46: Building workspace] INFO  o.e.m.c.i.embedder.EclipseLogger - skip non existing resourceDirectory D:\HobbyProjects\Maven\gs-rest-service-master\gs-rest-service-master\complete\src\test\resources
2019-04-23 09:31:00,746 [Worker-52: Building workspace] INFO  o.e.m.c.i.embedder.EclipseLogger - Using 'UTF-8' encoding to copy filtered resources.
2019-04-23 09:31:00,746 [Worker-52: Building workspace] INFO  o.e.m.c.i.embedder.EclipseLogger - skip non existing resourceDirectory D:\HobbyProjects\Maven\gs-rest-service-master\gs-rest-service-master\complete\src\main\resources
2019-04-23 09:31:00,746 [Worker-52: Building workspace] INFO  o.e.m.c.i.embedder.EclipseLogger - skip non existing resourceDirectory D:\HobbyProjects\Maven\gs-rest-service-master\gs-rest-service-master\complete\src\main\resources
2019-04-23 09:31:00,747 [Worker-52: Building workspace] INFO  o.e.m.c.i.embedder.EclipseLogger - Using 'UTF-8' encoding to copy filtered resources.
2019-04-23 09:31:00,748 [Worker-52: Building workspace] INFO  o.e.m.c.i.embedder.EclipseLogger - skip non existing resourceDirectory D:\HobbyProjects\Maven\gs-rest-service-master\gs-rest-service-master\complete\src\test\resources
2019-04-23 09:31:03,719 [Worker-53: Building workspace] INFO  o.e.m.c.i.embedder.EclipseLogger - Using 'UTF-8' encoding to copy filtered resources.
2019-04-23 09:31:03,719 [Worker-53: Building workspace] INFO  o.e.m.c.i.embedder.EclipseLogger - skip non existing resourceDirectory D:\HobbyProjects\Maven\gs-rest-service-master\gs-rest-service-master\complete\src\main\resources
2019-04-23 09:31:03,719 [Worker-53: Building workspace] INFO  o.e.m.c.i.embedder.EclipseLogger - skip non existing resourceDirectory D:\HobbyProjects\Maven\gs-rest-service-master\gs-rest-service-master\complete\src\main\resources
2019-04-23 09:31:03,720 [Worker-53: Building workspace] INFO  o.e.m.c.i.embedder.EclipseLogger - Using 'UTF-8' encoding to copy filtered resources.
2019-04-23 09:31:03,720 [Worker-53: Building workspace] INFO  o.e.m.c.i.embedder.EclipseLogger - skip non existing resourceDirectory D:\HobbyProjects\Maven\gs-rest-service-master\gs-rest-service-master\complete\src\test\resources
2019-04-23 09:31:21,563 [Worker-46: Building workspace] INFO  o.e.m.c.i.embedder.EclipseLogger - Using 'UTF-8' encoding to copy filtered resources.
2019-04-23 09:31:21,564 [Worker-46: Building workspace] INFO  o.e.m.c.i.embedder.EclipseLogger - skip non existing resourceDirectory D:\HobbyProjects\Maven\gs-rest-service-master\gs-rest-service-master\complete\src\main\resources
2019-04-23 09:31:21,564 [Worker-46: Building workspace] INFO  o.e.m.c.i.embedder.EclipseLogger - skip non existing resourceDirectory D:\HobbyProjects\Maven\gs-rest-service-master\gs-rest-service-master\complete\src\main\resources
2019-04-23 09:31:21,565 [Worker-46: Building workspace] INFO  o.e.m.c.i.embedder.EclipseLogger - Using 'UTF-8' encoding to copy filtered resources.
2019-04-23 09:31:21,565 [Worker-46: Building workspace] INFO  o.e.m.c.i.embedder.EclipseLogger - skip non existing resourceDirectory D:\HobbyProjects\Maven\gs-rest-service-master\gs-rest-service-master\complete\src\test\resources
2019-04-23 09:31:33,450 [Worker-50: Building workspace] INFO  o.e.m.c.i.embedder.EclipseLogger - Using 'UTF-8' encoding to copy filtered resources.
2019-04-23 09:31:33,452 [Worker-50: Building workspace] INFO  o.e.m.c.i.embedder.EclipseLogger - skip non existing resourceDirectory D:\HobbyProjects\Maven\gs-rest-service-master\gs-rest-service-master\complete\src\main\resources
2019-04-23 09:31:33,452 [Worker-50: Building workspace] INFO  o.e.m.c.i.embedder.EclipseLogger - skip non existing resourceDirectory D:\HobbyProjects\Maven\gs-rest-service-master\gs-rest-service-master\complete\src\main\resources
2019-04-23 09:31:33,455 [Worker-50: Building workspace] INFO  o.e.m.c.i.embedder.EclipseLogger - Using 'UTF-8' encoding to copy filtered resources.
2019-04-23 09:31:33,455 [Worker-50: Building workspace] INFO  o.e.m.c.i.embedder.EclipseLogger - skip non existing resourceDirectory D:\HobbyProjects\Maven\gs-rest-service-master\gs-rest-service-master\complete\src\test\resources
2019-04-23 09:31:34,631 [Worker-50: Building workspace] INFO  o.e.m.c.i.embedder.EclipseLogger - Using 'UTF-8' encoding to copy filtered resources.
2019-04-23 09:31:34,631 [Worker-50: Building workspace] INFO  o.e.m.c.i.embedder.EclipseLogger - skip non existing resourceDirectory D:\HobbyProjects\Maven\gs-rest-service-master\gs-rest-service-master\complete\src\main\resources
2019-04-23 09:31:34,631 [Worker-50: Building workspace] INFO  o.e.m.c.i.embedder.EclipseLogger - skip non existing resourceDirectory D:\HobbyProjects\Maven\gs-rest-service-master\gs-rest-service-master\complete\src\main\resources
2019-04-23 09:31:34,635 [Worker-50: Building workspace] INFO  o.e.m.c.i.embedder.EclipseLogger - Using 'UTF-8' encoding to copy filtered resources.
2019-04-23 09:31:34,635 [Worker-50: Building workspace] INFO  o.e.m.c.i.embedder.EclipseLogger - skip non existing resourceDirectory D:\HobbyProjects\Maven\gs-rest-service-master\gs-rest-service-master\complete\src\test\resources
2019-04-23 09:31:37,668 [Worker-46: Building workspace] INFO  o.e.m.c.i.embedder.EclipseLogger - Using 'UTF-8' encoding to copy filtered resources.
2019-04-23 09:31:37,668 [Worker-46: Building workspace] INFO  o.e.m.c.i.embedder.EclipseLogger - skip non existing resourceDirectory D:\HobbyProjects\Maven\gs-rest-service-master\gs-rest-service-master\complete\src\main\resources
2019-04-23 09:31:37,668 [Worker-46: Building workspace] INFO  o.e.m.c.i.embedder.EclipseLogger - skip non existing resourceDirectory D:\HobbyProjects\Maven\gs-rest-service-master\gs-rest-service-master\complete\src\main\resources
2019-04-23 09:31:37,670 [Worker-46: Building workspace] INFO  o.e.m.c.i.embedder.EclipseLogger - Using 'UTF-8' encoding to copy filtered resources.
2019-04-23 09:31:37,670 [Worker-46: Building workspace] INFO  o.e.m.c.i.embedder.EclipseLogger - skip non existing resourceDirectory D:\HobbyProjects\Maven\gs-rest-service-master\gs-rest-service-master\complete\src\test\resources
2019-04-23 09:32:23,295 [Worker-50: Building workspace] INFO  o.e.m.c.i.embedder.EclipseLogger - Using 'UTF-8' encoding to copy filtered resources.
2019-04-23 09:32:23,295 [Worker-50: Building workspace] INFO  o.e.m.c.i.embedder.EclipseLogger - skip non existing resourceDirectory D:\HobbyProjects\Maven\gs-rest-service-master\gs-rest-service-master\complete\src\main\resources
2019-04-23 09:32:23,295 [Worker-50: Building workspace] INFO  o.e.m.c.i.embedder.EclipseLogger - skip non existing resourceDirectory D:\HobbyProjects\Maven\gs-rest-service-master\gs-rest-service-master\complete\src\main\resources
2019-04-23 09:32:23,297 [Worker-50: Building workspace] INFO  o.e.m.c.i.embedder.EclipseLogger - Using 'UTF-8' encoding to copy filtered resources.
2019-04-23 09:32:23,297 [Worker-50: Building workspace] INFO  o.e.m.c.i.embedder.EclipseLogger - skip non existing resourceDirectory D:\HobbyProjects\Maven\gs-rest-service-master\gs-rest-service-master\complete\src\test\resources
2019-04-23 09:32:43,982 [Worker-46: Building workspace] INFO  o.e.m.c.i.embedder.EclipseLogger - Using 'UTF-8' encoding to copy filtered resources.
2019-04-23 09:32:43,982 [Worker-46: Building workspace] INFO  o.e.m.c.i.embedder.EclipseLogger - skip non existing resourceDirectory D:\HobbyProjects\Maven\gs-rest-service-master\gs-rest-service-master\complete\src\main\resources
2019-04-23 09:32:43,982 [Worker-46: Building workspace] INFO  o.e.m.c.i.embedder.EclipseLogger - skip non existing resourceDirectory D:\HobbyProjects\Maven\gs-rest-service-master\gs-rest-service-master\complete\src\main\resources
2019-04-23 09:32:43,983 [Worker-46: Building workspace] INFO  o.e.m.c.i.embedder.EclipseLogger - Using 'UTF-8' encoding to copy filtered resources.
2019-04-23 09:32:43,984 [Worker-46: Building workspace] INFO  o.e.m.c.i.embedder.EclipseLogger - skip non existing resourceDirectory D:\HobbyProjects\Maven\gs-rest-service-master\gs-rest-service-master\complete\src\test\resources
2019-04-23 09:46:06,882 [Worker-56: Building workspace] INFO  o.e.m.c.i.embedder.EclipseLogger - Using 'UTF-8' encoding to copy filtered resources.
2019-04-23 09:46:06,883 [Worker-56: Building workspace] INFO  o.e.m.c.i.embedder.EclipseLogger - skip non existing resourceDirectory D:\HobbyProjects\Maven\gs-rest-service-master\gs-rest-service-master\complete\src\main\resources
2019-04-23 09:46:06,883 [Worker-56: Building workspace] INFO  o.e.m.c.i.embedder.EclipseLogger - skip non existing resourceDirectory D:\HobbyProjects\Maven\gs-rest-service-master\gs-rest-service-master\complete\src\main\resources
2019-04-23 09:46:06,884 [Worker-56: Building workspace] INFO  o.e.m.c.i.embedder.EclipseLogger - Using 'UTF-8' encoding to copy filtered resources.
2019-04-23 09:46:06,884 [Worker-56: Building workspace] INFO  o.e.m.c.i.embedder.EclipseLogger - skip non existing resourceDirectory D:\HobbyProjects\Maven\gs-rest-service-master\gs-rest-service-master\complete\src\test\resources
2019-04-23 09:46:08,032 [Worker-55: Building workspace] INFO  o.e.m.c.i.embedder.EclipseLogger - Using 'UTF-8' encoding to copy filtered resources.
2019-04-23 09:46:08,033 [Worker-55: Building workspace] INFO  o.e.m.c.i.embedder.EclipseLogger - skip non existing resourceDirectory D:\HobbyProjects\Maven\gs-rest-service-master\gs-rest-service-master\complete\src\main\resources
2019-04-23 09:46:08,033 [Worker-55: Building workspace] INFO  o.e.m.c.i.embedder.EclipseLogger - skip non existing resourceDirectory D:\HobbyProjects\Maven\gs-rest-service-master\gs-rest-service-master\complete\src\main\resources
2019-04-23 09:46:08,036 [Worker-55: Building workspace] INFO  o.e.m.c.i.embedder.EclipseLogger - Using 'UTF-8' encoding to copy filtered resources.
2019-04-23 09:46:08,036 [Worker-55: Building workspace] INFO  o.e.m.c.i.embedder.EclipseLogger - skip non existing resourceDirectory D:\HobbyProjects\Maven\gs-rest-service-master\gs-rest-service-master\complete\src\test\resources
2019-04-23 09:46:25,599 [Worker-58: Building workspace] INFO  o.e.m.c.i.embedder.EclipseLogger - Using 'UTF-8' encoding to copy filtered resources.
2019-04-23 09:46:25,599 [Worker-58: Building workspace] INFO  o.e.m.c.i.embedder.EclipseLogger - skip non existing resourceDirectory D:\HobbyProjects\Maven\gs-rest-service-master\gs-rest-service-master\complete\src\main\resources
2019-04-23 09:46:25,599 [Worker-58: Building workspace] INFO  o.e.m.c.i.embedder.EclipseLogger - skip non existing resourceDirectory D:\HobbyProjects\Maven\gs-rest-service-master\gs-rest-service-master\complete\src\main\resources
2019-04-23 09:46:25,600 [Worker-58: Building workspace] INFO  o.e.m.c.i.embedder.EclipseLogger - Using 'UTF-8' encoding to copy filtered resources.
2019-04-23 09:46:25,600 [Worker-58: Building workspace] INFO  o.e.m.c.i.embedder.EclipseLogger - skip non existing resourceDirectory D:\HobbyProjects\Maven\gs-rest-service-master\gs-rest-service-master\complete\src\test\resources
2019-04-23 09:52:17,493 [Worker-51: Building workspace] INFO  o.e.m.c.i.embedder.EclipseLogger - Using 'UTF-8' encoding to copy filtered resources.
2019-04-23 09:52:17,494 [Worker-51: Building workspace] INFO  o.e.m.c.i.embedder.EclipseLogger - skip non existing resourceDirectory D:\HobbyProjects\Maven\gs-rest-service-master\gs-rest-service-master\complete\src\main\resources
2019-04-23 09:52:17,494 [Worker-51: Building workspace] INFO  o.e.m.c.i.embedder.EclipseLogger - skip non existing resourceDirectory D:\HobbyProjects\Maven\gs-rest-service-master\gs-rest-service-master\complete\src\main\resources
2019-04-23 09:52:17,495 [Worker-51: Building workspace] INFO  o.e.m.c.i.embedder.EclipseLogger - Using 'UTF-8' encoding to copy filtered resources.
2019-04-23 09:52:17,495 [Worker-51: Building workspace] INFO  o.e.m.c.i.embedder.EclipseLogger - skip non existing resourceDirectory D:\HobbyProjects\Maven\gs-rest-service-master\gs-rest-service-master\complete\src\test\resources
2019-04-23 09:52:18,714 [Worker-60: Building workspace] INFO  o.e.m.c.i.embedder.EclipseLogger - Using 'UTF-8' encoding to copy filtered resources.
2019-04-23 09:52:18,714 [Worker-60: Building workspace] INFO  o.e.m.c.i.embedder.EclipseLogger - skip non existing resourceDirectory D:\HobbyProjects\Maven\gs-rest-service-master\gs-rest-service-master\complete\src\main\resources
2019-04-23 09:52:18,714 [Worker-60: Building workspace] INFO  o.e.m.c.i.embedder.EclipseLogger - skip non existing resourceDirectory D:\HobbyProjects\Maven\gs-rest-service-master\gs-rest-service-master\complete\src\main\resources
2019-04-23 09:52:18,717 [Worker-60: Building workspace] INFO  o.e.m.c.i.embedder.EclipseLogger - Using 'UTF-8' encoding to copy filtered resources.
2019-04-23 09:52:18,717 [Worker-60: Building workspace] INFO  o.e.m.c.i.embedder.EclipseLogger - skip non existing resourceDirectory D:\HobbyProjects\Maven\gs-rest-service-master\gs-rest-service-master\complete\src\test\resources
2019-04-23 09:53:40,518 [Worker-49: Building workspace] INFO  o.e.m.c.i.embedder.EclipseLogger - Using 'UTF-8' encoding to copy filtered resources.
2019-04-23 09:53:40,518 [Worker-49: Building workspace] INFO  o.e.m.c.i.embedder.EclipseLogger - skip non existing resourceDirectory D:\HobbyProjects\Maven\gs-rest-service-master\gs-rest-service-master\complete\src\main\resources
2019-04-23 09:53:40,518 [Worker-49: Building workspace] INFO  o.e.m.c.i.embedder.EclipseLogger - skip non existing resourceDirectory D:\HobbyProjects\Maven\gs-rest-service-master\gs-rest-service-master\complete\src\main\resources
2019-04-23 09:53:40,519 [Worker-49: Building workspace] INFO  o.e.m.c.i.embedder.EclipseLogger - Using 'UTF-8' encoding to copy filtered resources.
2019-04-23 09:53:40,519 [Worker-49: Building workspace] INFO  o.e.m.c.i.embedder.EclipseLogger - skip non existing resourceDirectory D:\HobbyProjects\Maven\gs-rest-service-master\gs-rest-service-master\complete\src\test\resources
2019-04-23 09:54:16,967 [Worker-62: Building workspace] INFO  o.e.m.c.i.embedder.EclipseLogger - Using 'UTF-8' encoding to copy filtered resources.
2019-04-23 09:54:16,967 [Worker-62: Building workspace] INFO  o.e.m.c.i.embedder.EclipseLogger - skip non existing resourceDirectory D:\HobbyProjects\Maven\gs-rest-service-master\gs-rest-service-master\complete\src\main\resources
2019-04-23 09:54:16,967 [Worker-62: Building workspace] INFO  o.e.m.c.i.embedder.EclipseLogger - skip non existing resourceDirectory D:\HobbyProjects\Maven\gs-rest-service-master\gs-rest-service-master\complete\src\main\resources
2019-04-23 09:54:16,970 [Worker-62: Building workspace] INFO  o.e.m.c.i.embedder.EclipseLogger - Using 'UTF-8' encoding to copy filtered resources.
2019-04-23 09:54:16,971 [Worker-62: Building workspace] INFO  o.e.m.c.i.embedder.EclipseLogger - skip non existing resourceDirectory D:\HobbyProjects\Maven\gs-rest-service-master\gs-rest-service-master\complete\src\test\resources
2019-04-23 09:54:49,846 [Worker-59: Building workspace] INFO  o.e.m.c.i.embedder.EclipseLogger - Using 'UTF-8' encoding to copy filtered resources.
2019-04-23 09:54:49,847 [Worker-59: Building workspace] INFO  o.e.m.c.i.embedder.EclipseLogger - skip non existing resourceDirectory D:\HobbyProjects\Maven\gs-rest-service-master\gs-rest-service-master\complete\src\main\resources
2019-04-23 09:54:49,847 [Worker-59: Building workspace] INFO  o.e.m.c.i.embedder.EclipseLogger - skip non existing resourceDirectory D:\HobbyProjects\Maven\gs-rest-service-master\gs-rest-service-master\complete\src\main\resources
2019-04-23 09:54:49,848 [Worker-59: Building workspace] INFO  o.e.m.c.i.embedder.EclipseLogger - Using 'UTF-8' encoding to copy filtered resources.
2019-04-23 09:54:49,848 [Worker-59: Building workspace] INFO  o.e.m.c.i.embedder.EclipseLogger - skip non existing resourceDirectory D:\HobbyProjects\Maven\gs-rest-service-master\gs-rest-service-master\complete\src\test\resources
2019-04-23 09:56:01,129 [Worker-61: Building workspace] INFO  o.e.m.c.i.embedder.EclipseLogger - Using 'UTF-8' encoding to copy filtered resources.
2019-04-23 09:56:01,129 [Worker-61: Building workspace] INFO  o.e.m.c.i.embedder.EclipseLogger - skip non existing resourceDirectory D:\HobbyProjects\Maven\gs-rest-service-master\gs-rest-service-master\complete\src\main\resources
2019-04-23 09:56:01,129 [Worker-61: Building workspace] INFO  o.e.m.c.i.embedder.EclipseLogger - skip non existing resourceDirectory D:\HobbyProjects\Maven\gs-rest-service-master\gs-rest-service-master\complete\src\main\resources
2019-04-23 09:56:01,131 [Worker-61: Building workspace] INFO  o.e.m.c.i.embedder.EclipseLogger - Using 'UTF-8' encoding to copy filtered resources.
2019-04-23 09:56:01,132 [Worker-61: Building workspace] INFO  o.e.m.c.i.embedder.EclipseLogger - skip non existing resourceDirectory D:\HobbyProjects\Maven\gs-rest-service-master\gs-rest-service-master\complete\src\test\resources
2019-04-23 09:56:02,324 [Worker-60: Building workspace] INFO  o.e.m.c.i.embedder.EclipseLogger - Using 'UTF-8' encoding to copy filtered resources.
2019-04-23 09:56:02,325 [Worker-60: Building workspace] INFO  o.e.m.c.i.embedder.EclipseLogger - skip non existing resourceDirectory D:\HobbyProjects\Maven\gs-rest-service-master\gs-rest-service-master\complete\src\main\resources
2019-04-23 09:56:02,325 [Worker-60: Building workspace] INFO  o.e.m.c.i.embedder.EclipseLogger - skip non existing resourceDirectory D:\HobbyProjects\Maven\gs-rest-service-master\gs-rest-service-master\complete\src\main\resources
2019-04-23 09:56:02,327 [Worker-60: Building workspace] INFO  o.e.m.c.i.embedder.EclipseLogger - Using 'UTF-8' encoding to copy filtered resources.
2019-04-23 09:56:02,328 [Worker-60: Building workspace] INFO  o.e.m.c.i.embedder.EclipseLogger - skip non existing resourceDirectory D:\HobbyProjects\Maven\gs-rest-service-master\gs-rest-service-master\complete\src\test\resources
2019-04-23 09:56:52,064 [Worker-60: Building workspace] INFO  o.e.m.c.i.embedder.EclipseLogger - Using 'UTF-8' encoding to copy filtered resources.
2019-04-23 09:56:52,064 [Worker-60: Building workspace] INFO  o.e.m.c.i.embedder.EclipseLogger - skip non existing resourceDirectory D:\HobbyProjects\Maven\gs-rest-service-master\gs-rest-service-master\complete\src\main\resources
2019-04-23 09:56:52,064 [Worker-60: Building workspace] INFO  o.e.m.c.i.embedder.EclipseLogger - skip non existing resourceDirectory D:\HobbyProjects\Maven\gs-rest-service-master\gs-rest-service-master\complete\src\main\resources
2019-04-23 09:56:52,066 [Worker-60: Building workspace] INFO  o.e.m.c.i.embedder.EclipseLogger - Using 'UTF-8' encoding to copy filtered resources.
2019-04-23 09:56:52,066 [Worker-60: Building workspace] INFO  o.e.m.c.i.embedder.EclipseLogger - skip non existing resourceDirectory D:\HobbyProjects\Maven\gs-rest-service-master\gs-rest-service-master\complete\src\test\resources
2019-04-23 10:00:14,797 [Worker-51: Building workspace] INFO  o.e.m.c.i.embedder.EclipseLogger - Using 'UTF-8' encoding to copy filtered resources.
2019-04-23 10:00:14,797 [Worker-51: Building workspace] INFO  o.e.m.c.i.embedder.EclipseLogger - skip non existing resourceDirectory D:\HobbyProjects\Maven\gs-rest-service-master\gs-rest-service-master\complete\src\main\resources
2019-04-23 10:00:14,797 [Worker-51: Building workspace] INFO  o.e.m.c.i.embedder.EclipseLogger - skip non existing resourceDirectory D:\HobbyProjects\Maven\gs-rest-service-master\gs-rest-service-master\complete\src\main\resources
2019-04-23 10:00:14,799 [Worker-51: Building workspace] INFO  o.e.m.c.i.embedder.EclipseLogger - Using 'UTF-8' encoding to copy filtered resources.
2019-04-23 10:00:14,799 [Worker-51: Building workspace] INFO  o.e.m.c.i.embedder.EclipseLogger - skip non existing resourceDirectory D:\HobbyProjects\Maven\gs-rest-service-master\gs-rest-service-master\complete\src\test\resources
2019-04-23 10:01:55,472 [Worker-63: Building workspace] INFO  o.e.m.c.i.embedder.EclipseLogger - Using 'UTF-8' encoding to copy filtered resources.
2019-04-23 10:01:55,472 [Worker-63: Building workspace] INFO  o.e.m.c.i.embedder.EclipseLogger - skip non existing resourceDirectory D:\HobbyProjects\Maven\gs-rest-service-master\gs-rest-service-master\complete\src\main\resources
2019-04-23 10:01:55,472 [Worker-63: Building workspace] INFO  o.e.m.c.i.embedder.EclipseLogger - skip non existing resourceDirectory D:\HobbyProjects\Maven\gs-rest-service-master\gs-rest-service-master\complete\src\main\resources
2019-04-23 10:01:55,473 [Worker-63: Building workspace] INFO  o.e.m.c.i.embedder.EclipseLogger - Using 'UTF-8' encoding to copy filtered resources.
2019-04-23 10:01:55,473 [Worker-63: Building workspace] INFO  o.e.m.c.i.embedder.EclipseLogger - skip non existing resourceDirectory D:\HobbyProjects\Maven\gs-rest-service-master\gs-rest-service-master\complete\src\test\resources
2019-04-23 10:02:27,481 [Worker-63: Building workspace] INFO  o.e.m.c.i.embedder.EclipseLogger - Using 'UTF-8' encoding to copy filtered resources.
2019-04-23 10:02:27,481 [Worker-63: Building workspace] INFO  o.e.m.c.i.embedder.EclipseLogger - skip non existing resourceDirectory D:\HobbyProjects\Maven\gs-rest-service-master\gs-rest-service-master\complete\src\main\resources
2019-04-23 10:02:27,481 [Worker-63: Building workspace] INFO  o.e.m.c.i.embedder.EclipseLogger - skip non existing resourceDirectory D:\HobbyProjects\Maven\gs-rest-service-master\gs-rest-service-master\complete\src\main\resources
2019-04-23 10:02:27,483 [Worker-63: Building workspace] INFO  o.e.m.c.i.embedder.EclipseLogger - Using 'UTF-8' encoding to copy filtered resources.
2019-04-23 10:02:27,483 [Worker-63: Building workspace] INFO  o.e.m.c.i.embedder.EclipseLogger - skip non existing resourceDirectory D:\HobbyProjects\Maven\gs-rest-service-master\gs-rest-service-master\complete\src\test\resources
2019-04-23 10:05:32,188 [Worker-67: Building workspace] INFO  o.e.m.c.i.embedder.EclipseLogger - Using 'UTF-8' encoding to copy filtered resources.
2019-04-23 10:05:32,188 [Worker-67: Building workspace] INFO  o.e.m.c.i.embedder.EclipseLogger - skip non existing resourceDirectory D:\HobbyProjects\Maven\gs-rest-service-master\gs-rest-service-master\complete\src\main\resources
2019-04-23 10:05:32,189 [Worker-67: Building workspace] INFO  o.e.m.c.i.embedder.EclipseLogger - skip non existing resourceDirectory D:\HobbyProjects\Maven\gs-rest-service-master\gs-rest-service-master\complete\src\main\resources
2019-04-23 10:05:32,194 [Worker-67: Building workspace] INFO  o.e.m.c.i.embedder.EclipseLogger - Using 'UTF-8' encoding to copy filtered resources.
2019-04-23 10:05:32,194 [Worker-67: Building workspace] INFO  o.e.m.c.i.embedder.EclipseLogger - skip non existing resourceDirectory D:\HobbyProjects\Maven\gs-rest-service-master\gs-rest-service-master\complete\src\test\resources
2019-04-23 10:06:37,503 [Worker-68: Building workspace] INFO  o.e.m.c.i.embedder.EclipseLogger - Using 'UTF-8' encoding to copy filtered resources.
2019-04-23 10:06:37,503 [Worker-68: Building workspace] INFO  o.e.m.c.i.embedder.EclipseLogger - skip non existing resourceDirectory D:\HobbyProjects\Maven\gs-rest-service-master\gs-rest-service-master\complete\src\main\resources
2019-04-23 10:06:37,503 [Worker-68: Building workspace] INFO  o.e.m.c.i.embedder.EclipseLogger - skip non existing resourceDirectory D:\HobbyProjects\Maven\gs-rest-service-master\gs-rest-service-master\complete\src\main\resources
2019-04-23 10:06:37,507 [Worker-68: Building workspace] INFO  o.e.m.c.i.embedder.EclipseLogger - Using 'UTF-8' encoding to copy filtered resources.
2019-04-23 10:06:37,507 [Worker-68: Building workspace] INFO  o.e.m.c.i.embedder.EclipseLogger - skip non existing resourceDirectory D:\HobbyProjects\Maven\gs-rest-service-master\gs-rest-service-master\complete\src\test\resources
2019-04-23 10:07:25,956 [Worker-62: Building workspace] INFO  o.e.m.c.i.embedder.EclipseLogger - Using 'UTF-8' encoding to copy filtered resources.
2019-04-23 10:07:25,956 [Worker-62: Building workspace] INFO  o.e.m.c.i.embedder.EclipseLogger - skip non existing resourceDirectory D:\HobbyProjects\Maven\gs-rest-service-master\gs-rest-service-master\complete\src\main\resources
2019-04-23 10:07:25,956 [Worker-62: Building workspace] INFO  o.e.m.c.i.embedder.EclipseLogger - skip non existing resourceDirectory D:\HobbyProjects\Maven\gs-rest-service-master\gs-rest-service-master\complete\src\main\resources
2019-04-23 10:07:25,958 [Worker-62: Building workspace] INFO  o.e.m.c.i.embedder.EclipseLogger - Using 'UTF-8' encoding to copy filtered resources.
2019-04-23 10:07:25,958 [Worker-62: Building workspace] INFO  o.e.m.c.i.embedder.EclipseLogger - skip non existing resourceDirectory D:\HobbyProjects\Maven\gs-rest-service-master\gs-rest-service-master\complete\src\test\resources
